2021-09-01 23:43:36,624 ERROR [restartedMain] o.s.b.d.LoggingFailureAnalysisReporter [LoggingFailureAnalysisReporter.java:40] 

***************************
APPLICATION FAILED TO START
***************************

Description:

Field messageService in com.nowcoder.community.controller.MessageController required a bean of type 'com.nowcoder.community.service.MessageService' that could not be found.

The injection point has the following annotations:
	- @org.springframework.beans.factory.annotation.Autowired(required=true)


Action:

Consider defining a bean of type 'com.nowcoder.community.service.MessageService' in your configuration.

2021-09-01 23:44:50,973 ERROR [restartedMain] o.s.b.d.LoggingFailureAnalysisReporter [LoggingFailureAnalysisReporter.java:40] 

***************************
APPLICATION FAILED TO START
***************************

Description:

Field messageService in com.nowcoder.community.controller.MessageController required a bean of type 'com.nowcoder.community.service.MessageService' that could not be found.

The injection point has the following annotations:
	- @org.springframework.beans.factory.annotation.Autowired(required=true)


Action:

Consider defining a bean of type 'com.nowcoder.community.service.MessageService' in your configuration.

2021-09-01 23:46:13,138 ERROR [restartedMain] o.s.b.d.LoggingFailureAnalysisReporter [LoggingFailureAnalysisReporter.java:40] 

***************************
APPLICATION FAILED TO START
***************************

Description:

Field messageService in com.nowcoder.community.controller.MessageController required a bean of type 'com.nowcoder.community.service.MessageService' that could not be found.

The injection point has the following annotations:
	- @org.springframework.beans.factory.annotation.Autowired(required=true)


Action:

Consider defining a bean of type 'com.nowcoder.community.service.MessageService' in your configuration.

