2021-09-05 16:16:17,897 INFO [restartedMain] c.n.c.CommunityApplication [StartupInfoLogger.java:55] Starting CommunityApplication using Java 11.0.11 on DESKTOP-MDABFMA with PID 39160 (G:\idea java\StudyJavaWeb\demo\community\target\classes started by user in G:\idea java\StudyJavaWeb\demo\community)
2021-09-05 16:16:17,918 INFO [restartedMain] c.n.c.CommunityApplication [SpringApplication.java:664] No active profile set, falling back to default profiles: default
2021-09-05 16:16:17,970 INFO [restartedMain] o.s.b.d.e.DevToolsPropertyDefaultsPostProcessor [DeferredLog.java:255] Devtools property defaults active! Set 'spring.devtools.add-properties' to 'false' to disable
2021-09-05 16:16:17,970 INFO [restartedMain] o.s.b.d.e.DevToolsPropertyDefaultsPostProcessor [DeferredLog.java:255] For additional web related logging consider setting the 'logging.level.web' property to 'DEBUG'
2021-09-05 16:16:18,976 INFO [restartedMain] o.s.d.r.c.RepositoryConfigurationDelegate [RepositoryConfigurationDelegate.java:250] Multiple Spring Data modules found, entering strict repository configuration mode!
2021-09-05 16:16:18,978 INFO [restartedMain] o.s.d.r.c.RepositoryConfigurationDelegate [RepositoryConfigurationDelegate.java:128] Bootstrapping Spring Data Redis repositories in DEFAULT mode.
2021-09-05 16:16:19,013 INFO [restartedMain] o.s.d.r.c.RepositoryConfigurationDelegate [RepositoryConfigurationDelegate.java:188] Finished Spring Data repository scanning in 19 ms. Found 0 Redis repository interfaces.
2021-09-05 16:16:19,850 INFO [restartedMain] o.s.b.w.e.t.TomcatWebServer [TomcatWebServer.java:108] Tomcat initialized with port(s): 8080 (http)
2021-09-05 16:16:19,883 INFO [restartedMain] o.a.c.h.Http11NioProtocol [DirectJDKLog.java:173] Initializing ProtocolHandler ["http-nio-8080"]
2021-09-05 16:16:19,883 INFO [restartedMain] o.a.c.c.StandardService [DirectJDKLog.java:173] Starting service [Tomcat]
2021-09-05 16:16:19,884 INFO [restartedMain] o.a.c.c.StandardEngine [DirectJDKLog.java:173] Starting Servlet engine: [Apache Tomcat/9.0.50]
2021-09-05 16:16:19,965 INFO [restartedMain] o.a.c.c.C.[.[.[/community] [DirectJDKLog.java:173] Initializing Spring embedded WebApplicationContext
2021-09-05 16:16:19,965 INFO [restartedMain] o.s.b.w.s.c.ServletWebServerApplicationContext [ServletWebServerApplicationContext.java:289] Root WebApplicationContext: initialization completed in 1994 ms
2021-09-05 16:16:21,194 INFO [restartedMain] o.s.b.a.w.s.WelcomePageHandlerMapping [WelcomePageHandlerMapping.java:57] Adding welcome page template: index
2021-09-05 16:16:21,454 INFO [restartedMain] o.s.b.d.a.OptionalLiveReloadServer [OptionalLiveReloadServer.java:58] LiveReload server is running on port 35729
2021-09-05 16:16:21,469 INFO [restartedMain] o.a.c.h.Http11NioProtocol [DirectJDKLog.java:173] Starting ProtocolHandler ["http-nio-8080"]
2021-09-05 16:16:21,482 INFO [restartedMain] o.s.b.w.e.t.TomcatWebServer [TomcatWebServer.java:220] Tomcat started on port(s): 8080 (http) with context path '/community'
2021-09-05 16:16:21,492 INFO [restartedMain] c.n.c.CommunityApplication [StartupInfoLogger.java:61] Started CommunityApplication in 4.863 seconds (JVM running for 8.792)
2021-09-05 16:16:36,772 INFO [http-nio-8080-exec-2] o.a.c.c.C.[.[.[/community] [DirectJDKLog.java:173] Initializing Spring DispatcherServlet 'dispatcherServlet'
2021-09-05 16:16:36,773 INFO [http-nio-8080-exec-2] o.s.w.s.DispatcherServlet [FrameworkServlet.java:525] Initializing Servlet 'dispatcherServlet'
2021-09-05 16:16:36,774 INFO [http-nio-8080-exec-2] o.s.w.s.DispatcherServlet [FrameworkServlet.java:547] Completed initialization in 1 ms
2021-09-05 16:16:36,818 INFO [http-nio-8080-exec-2] c.n.c.a.ServiceLogAspect [ServiceLogAspect.java:40] 用户[0:0:0:0:0:0:0:1],在[2021-09-05 16:16:36],访问了[com.nowcoder.community.service.DiscussPostService.findDiscussPostRows].
2021-09-05 16:16:36,846 INFO [http-nio-8080-exec-2] c.z.h.HikariDataSource [HikariDataSource.java:110] HikariPool-1 - Starting...
2021-09-05 16:16:37,247 INFO [http-nio-8080-exec-2] c.z.h.HikariDataSource [HikariDataSource.java:123] HikariPool-1 - Start completed.
2021-09-05 16:16:37,308 INFO [http-nio-8080-exec-2] c.n.c.a.ServiceLogAspect [ServiceLogAspect.java:40] 用户[0:0:0:0:0:0:0:1],在[2021-09-05 16:16:37],访问了[com.nowcoder.community.service.DiscussPostService.findDiscussPosts].
2021-09-05 16:16:37,336 INFO [http-nio-8080-exec-2] c.n.c.a.ServiceLogAspect [ServiceLogAspect.java:40] 用户[0:0:0:0:0:0:0:1],在[2021-09-05 16:16:37],访问了[com.nowcoder.community.service.UserService.findUserById].
2021-09-05 16:16:38,522 INFO [http-nio-8080-exec-2] c.n.c.a.ServiceLogAspect [ServiceLogAspect.java:40] 用户[0:0:0:0:0:0:0:1],在[2021-09-05 16:16:38],访问了[com.nowcoder.community.service.LikeService.findEntityLikeCount].
2021-09-05 16:16:38,529 INFO [http-nio-8080-exec-2] c.n.c.a.ServiceLogAspect [ServiceLogAspect.java:40] 用户[0:0:0:0:0:0:0:1],在[2021-09-05 16:16:38],访问了[com.nowcoder.community.service.UserService.findUserById].
2021-09-05 16:16:38,536 INFO [http-nio-8080-exec-2] c.n.c.a.ServiceLogAspect [ServiceLogAspect.java:40] 用户[0:0:0:0:0:0:0:1],在[2021-09-05 16:16:38],访问了[com.nowcoder.community.service.LikeService.findEntityLikeCount].
2021-09-05 16:16:38,537 INFO [http-nio-8080-exec-2] c.n.c.a.ServiceLogAspect [ServiceLogAspect.java:40] 用户[0:0:0:0:0:0:0:1],在[2021-09-05 16:16:38],访问了[com.nowcoder.community.service.UserService.findUserById].
2021-09-05 16:16:38,542 INFO [http-nio-8080-exec-2] c.n.c.a.ServiceLogAspect [ServiceLogAspect.java:40] 用户[0:0:0:0:0:0:0:1],在[2021-09-05 16:16:38],访问了[com.nowcoder.community.service.LikeService.findEntityLikeCount].
2021-09-05 16:16:38,543 INFO [http-nio-8080-exec-2] c.n.c.a.ServiceLogAspect [ServiceLogAspect.java:40] 用户[0:0:0:0:0:0:0:1],在[2021-09-05 16:16:38],访问了[com.nowcoder.community.service.UserService.findUserById].
2021-09-05 16:16:38,548 INFO [http-nio-8080-exec-2] c.n.c.a.ServiceLogAspect [ServiceLogAspect.java:40] 用户[0:0:0:0:0:0:0:1],在[2021-09-05 16:16:38],访问了[com.nowcoder.community.service.LikeService.findEntityLikeCount].
2021-09-05 16:16:38,550 INFO [http-nio-8080-exec-2] c.n.c.a.ServiceLogAspect [ServiceLogAspect.java:40] 用户[0:0:0:0:0:0:0:1],在[2021-09-05 16:16:38],访问了[com.nowcoder.community.service.UserService.findUserById].
2021-09-05 16:16:38,632 INFO [http-nio-8080-exec-2] c.n.c.a.ServiceLogAspect [ServiceLogAspect.java:40] 用户[0:0:0:0:0:0:0:1],在[2021-09-05 16:16:38],访问了[com.nowcoder.community.service.LikeService.findEntityLikeCount].
2021-09-05 16:16:38,633 INFO [http-nio-8080-exec-2] c.n.c.a.ServiceLogAspect [ServiceLogAspect.java:40] 用户[0:0:0:0:0:0:0:1],在[2021-09-05 16:16:38],访问了[com.nowcoder.community.service.UserService.findUserById].
2021-09-05 16:16:38,635 INFO [http-nio-8080-exec-2] c.n.c.a.ServiceLogAspect [ServiceLogAspect.java:40] 用户[0:0:0:0:0:0:0:1],在[2021-09-05 16:16:38],访问了[com.nowcoder.community.service.LikeService.findEntityLikeCount].
2021-09-05 16:16:38,636 INFO [http-nio-8080-exec-2] c.n.c.a.ServiceLogAspect [ServiceLogAspect.java:40] 用户[0:0:0:0:0:0:0:1],在[2021-09-05 16:16:38],访问了[com.nowcoder.community.service.UserService.findUserById].
2021-09-05 16:16:38,641 INFO [http-nio-8080-exec-2] c.n.c.a.ServiceLogAspect [ServiceLogAspect.java:40] 用户[0:0:0:0:0:0:0:1],在[2021-09-05 16:16:38],访问了[com.nowcoder.community.service.LikeService.findEntityLikeCount].
2021-09-05 16:16:38,644 INFO [http-nio-8080-exec-2] c.n.c.a.ServiceLogAspect [ServiceLogAspect.java:40] 用户[0:0:0:0:0:0:0:1],在[2021-09-05 16:16:38],访问了[com.nowcoder.community.service.UserService.findUserById].
2021-09-05 16:16:38,650 INFO [http-nio-8080-exec-2] c.n.c.a.ServiceLogAspect [ServiceLogAspect.java:40] 用户[0:0:0:0:0:0:0:1],在[2021-09-05 16:16:38],访问了[com.nowcoder.community.service.LikeService.findEntityLikeCount].
2021-09-05 16:16:38,652 INFO [http-nio-8080-exec-2] c.n.c.a.ServiceLogAspect [ServiceLogAspect.java:40] 用户[0:0:0:0:0:0:0:1],在[2021-09-05 16:16:38],访问了[com.nowcoder.community.service.UserService.findUserById].
2021-09-05 16:16:38,659 INFO [http-nio-8080-exec-2] c.n.c.a.ServiceLogAspect [ServiceLogAspect.java:40] 用户[0:0:0:0:0:0:0:1],在[2021-09-05 16:16:38],访问了[com.nowcoder.community.service.LikeService.findEntityLikeCount].
2021-09-05 16:16:38,660 INFO [http-nio-8080-exec-2] c.n.c.a.ServiceLogAspect [ServiceLogAspect.java:40] 用户[0:0:0:0:0:0:0:1],在[2021-09-05 16:16:38],访问了[com.nowcoder.community.service.UserService.findUserById].
2021-09-05 16:16:38,663 INFO [http-nio-8080-exec-2] c.n.c.a.ServiceLogAspect [ServiceLogAspect.java:40] 用户[0:0:0:0:0:0:0:1],在[2021-09-05 16:16:38],访问了[com.nowcoder.community.service.LikeService.findEntityLikeCount].
2021-09-05 16:16:42,806 INFO [http-nio-8080-exec-10] c.n.c.a.ServiceLogAspect [ServiceLogAspect.java:40] 用户[0:0:0:0:0:0:0:1],在[2021-09-05 16:16:42],访问了[com.nowcoder.community.service.DiscussPostService.findDiscussPostById].
2021-09-05 16:16:42,813 INFO [http-nio-8080-exec-10] c.n.c.a.ServiceLogAspect [ServiceLogAspect.java:40] 用户[0:0:0:0:0:0:0:1],在[2021-09-05 16:16:42],访问了[com.nowcoder.community.service.UserService.findUserById].
2021-09-05 16:16:42,815 INFO [http-nio-8080-exec-10] c.n.c.a.ServiceLogAspect [ServiceLogAspect.java:40] 用户[0:0:0:0:0:0:0:1],在[2021-09-05 16:16:42],访问了[com.nowcoder.community.service.LikeService.findEntityLikeCount].
2021-09-05 16:16:42,817 INFO [http-nio-8080-exec-10] c.n.c.a.ServiceLogAspect [ServiceLogAspect.java:40] 用户[0:0:0:0:0:0:0:1],在[2021-09-05 16:16:42],访问了[com.nowcoder.community.service.CommentService.findCommentsByEntity].
2021-09-05 16:16:42,826 INFO [http-nio-8080-exec-10] c.n.c.a.ServiceLogAspect [ServiceLogAspect.java:40] 用户[0:0:0:0:0:0:0:1],在[2021-09-05 16:16:42],访问了[com.nowcoder.community.service.UserService.findUserById].
2021-09-05 16:16:42,828 INFO [http-nio-8080-exec-10] c.n.c.a.ServiceLogAspect [ServiceLogAspect.java:40] 用户[0:0:0:0:0:0:0:1],在[2021-09-05 16:16:42],访问了[com.nowcoder.community.service.LikeService.findEntityLikeCount].
2021-09-05 16:16:42,829 INFO [http-nio-8080-exec-10] c.n.c.a.ServiceLogAspect [ServiceLogAspect.java:40] 用户[0:0:0:0:0:0:0:1],在[2021-09-05 16:16:42],访问了[com.nowcoder.community.service.CommentService.findCommentsByEntity].
2021-09-05 16:16:42,832 INFO [http-nio-8080-exec-10] c.n.c.a.ServiceLogAspect [ServiceLogAspect.java:40] 用户[0:0:0:0:0:0:0:1],在[2021-09-05 16:16:42],访问了[com.nowcoder.community.service.CommentService.findCommentCount].
2021-09-05 16:16:42,835 INFO [http-nio-8080-exec-10] c.n.c.a.ServiceLogAspect [ServiceLogAspect.java:40] 用户[0:0:0:0:0:0:0:1],在[2021-09-05 16:16:42],访问了[com.nowcoder.community.service.UserService.findUserById].
2021-09-05 16:16:42,836 INFO [http-nio-8080-exec-10] c.n.c.a.ServiceLogAspect [ServiceLogAspect.java:40] 用户[0:0:0:0:0:0:0:1],在[2021-09-05 16:16:42],访问了[com.nowcoder.community.service.LikeService.findEntityLikeCount].
2021-09-05 16:16:42,837 INFO [http-nio-8080-exec-10] c.n.c.a.ServiceLogAspect [ServiceLogAspect.java:40] 用户[0:0:0:0:0:0:0:1],在[2021-09-05 16:16:42],访问了[com.nowcoder.community.service.CommentService.findCommentsByEntity].
2021-09-05 16:16:42,839 INFO [http-nio-8080-exec-10] c.n.c.a.ServiceLogAspect [ServiceLogAspect.java:40] 用户[0:0:0:0:0:0:0:1],在[2021-09-05 16:16:42],访问了[com.nowcoder.community.service.UserService.findUserById].
2021-09-05 16:16:42,840 INFO [http-nio-8080-exec-10] c.n.c.a.ServiceLogAspect [ServiceLogAspect.java:40] 用户[0:0:0:0:0:0:0:1],在[2021-09-05 16:16:42],访问了[com.nowcoder.community.service.LikeService.findEntityLikeCount].
2021-09-05 16:16:42,841 INFO [http-nio-8080-exec-10] c.n.c.a.ServiceLogAspect [ServiceLogAspect.java:40] 用户[0:0:0:0:0:0:0:1],在[2021-09-05 16:16:42],访问了[com.nowcoder.community.service.CommentService.findCommentCount].
2021-09-05 16:16:42,843 INFO [http-nio-8080-exec-10] c.n.c.a.ServiceLogAspect [ServiceLogAspect.java:40] 用户[0:0:0:0:0:0:0:1],在[2021-09-05 16:16:42],访问了[com.nowcoder.community.service.UserService.findUserById].
2021-09-05 16:16:42,844 INFO [http-nio-8080-exec-10] c.n.c.a.ServiceLogAspect [ServiceLogAspect.java:40] 用户[0:0:0:0:0:0:0:1],在[2021-09-05 16:16:42],访问了[com.nowcoder.community.service.LikeService.findEntityLikeCount].
2021-09-05 16:16:42,845 INFO [http-nio-8080-exec-10] c.n.c.a.ServiceLogAspect [ServiceLogAspect.java:40] 用户[0:0:0:0:0:0:0:1],在[2021-09-05 16:16:42],访问了[com.nowcoder.community.service.CommentService.findCommentsByEntity].
2021-09-05 16:16:42,849 INFO [http-nio-8080-exec-10] c.n.c.a.ServiceLogAspect [ServiceLogAspect.java:40] 用户[0:0:0:0:0:0:0:1],在[2021-09-05 16:16:42],访问了[com.nowcoder.community.service.CommentService.findCommentCount].
2021-09-05 16:16:42,850 INFO [http-nio-8080-exec-10] c.n.c.a.ServiceLogAspect [ServiceLogAspect.java:40] 用户[0:0:0:0:0:0:0:1],在[2021-09-05 16:16:42],访问了[com.nowcoder.community.service.UserService.findUserById].
2021-09-05 16:16:42,853 INFO [http-nio-8080-exec-10] c.n.c.a.ServiceLogAspect [ServiceLogAspect.java:40] 用户[0:0:0:0:0:0:0:1],在[2021-09-05 16:16:42],访问了[com.nowcoder.community.service.LikeService.findEntityLikeCount].
2021-09-05 16:16:42,857 INFO [http-nio-8080-exec-10] c.n.c.a.ServiceLogAspect [ServiceLogAspect.java:40] 用户[0:0:0:0:0:0:0:1],在[2021-09-05 16:16:42],访问了[com.nowcoder.community.service.CommentService.findCommentsByEntity].
2021-09-05 16:16:42,859 INFO [http-nio-8080-exec-10] c.n.c.a.ServiceLogAspect [ServiceLogAspect.java:40] 用户[0:0:0:0:0:0:0:1],在[2021-09-05 16:16:42],访问了[com.nowcoder.community.service.CommentService.findCommentCount].
2021-09-05 16:16:42,861 INFO [http-nio-8080-exec-10] c.n.c.a.ServiceLogAspect [ServiceLogAspect.java:40] 用户[0:0:0:0:0:0:0:1],在[2021-09-05 16:16:42],访问了[com.nowcoder.community.service.UserService.findUserById].
2021-09-05 16:16:42,863 INFO [http-nio-8080-exec-10] c.n.c.a.ServiceLogAspect [ServiceLogAspect.java:40] 用户[0:0:0:0:0:0:0:1],在[2021-09-05 16:16:42],访问了[com.nowcoder.community.service.LikeService.findEntityLikeCount].
2021-09-05 16:16:42,864 INFO [http-nio-8080-exec-10] c.n.c.a.ServiceLogAspect [ServiceLogAspect.java:40] 用户[0:0:0:0:0:0:0:1],在[2021-09-05 16:16:42],访问了[com.nowcoder.community.service.CommentService.findCommentsByEntity].
2021-09-05 16:16:42,866 INFO [http-nio-8080-exec-10] c.n.c.a.ServiceLogAspect [ServiceLogAspect.java:40] 用户[0:0:0:0:0:0:0:1],在[2021-09-05 16:16:42],访问了[com.nowcoder.community.service.CommentService.findCommentCount].
2021-09-05 16:16:47,935 INFO [http-nio-8080-exec-7] c.n.c.a.ServiceLogAspect [ServiceLogAspect.java:40] 用户[0:0:0:0:0:0:0:1],在[2021-09-05 16:16:47],访问了[com.nowcoder.community.service.DiscussPostService.findDiscussPostRows].
2021-09-05 16:16:47,937 INFO [http-nio-8080-exec-7] c.n.c.a.ServiceLogAspect [ServiceLogAspect.java:40] 用户[0:0:0:0:0:0:0:1],在[2021-09-05 16:16:47],访问了[com.nowcoder.community.service.DiscussPostService.findDiscussPosts].
2021-09-05 16:16:47,942 INFO [http-nio-8080-exec-7] c.n.c.a.ServiceLogAspect [ServiceLogAspect.java:40] 用户[0:0:0:0:0:0:0:1],在[2021-09-05 16:16:47],访问了[com.nowcoder.community.service.UserService.findUserById].
2021-09-05 16:16:47,944 INFO [http-nio-8080-exec-7] c.n.c.a.ServiceLogAspect [ServiceLogAspect.java:40] 用户[0:0:0:0:0:0:0:1],在[2021-09-05 16:16:47],访问了[com.nowcoder.community.service.LikeService.findEntityLikeCount].
2021-09-05 16:16:47,946 INFO [http-nio-8080-exec-7] c.n.c.a.ServiceLogAspect [ServiceLogAspect.java:40] 用户[0:0:0:0:0:0:0:1],在[2021-09-05 16:16:47],访问了[com.nowcoder.community.service.UserService.findUserById].
2021-09-05 16:16:47,947 INFO [http-nio-8080-exec-7] c.n.c.a.ServiceLogAspect [ServiceLogAspect.java:40] 用户[0:0:0:0:0:0:0:1],在[2021-09-05 16:16:47],访问了[com.nowcoder.community.service.LikeService.findEntityLikeCount].
2021-09-05 16:16:47,948 INFO [http-nio-8080-exec-7] c.n.c.a.ServiceLogAspect [ServiceLogAspect.java:40] 用户[0:0:0:0:0:0:0:1],在[2021-09-05 16:16:47],访问了[com.nowcoder.community.service.UserService.findUserById].
2021-09-05 16:16:47,949 INFO [http-nio-8080-exec-7] c.n.c.a.ServiceLogAspect [ServiceLogAspect.java:40] 用户[0:0:0:0:0:0:0:1],在[2021-09-05 16:16:47],访问了[com.nowcoder.community.service.LikeService.findEntityLikeCount].
2021-09-05 16:16:47,951 INFO [http-nio-8080-exec-7] c.n.c.a.ServiceLogAspect [ServiceLogAspect.java:40] 用户[0:0:0:0:0:0:0:1],在[2021-09-05 16:16:47],访问了[com.nowcoder.community.service.UserService.findUserById].
2021-09-05 16:16:47,952 INFO [http-nio-8080-exec-7] c.n.c.a.ServiceLogAspect [ServiceLogAspect.java:40] 用户[0:0:0:0:0:0:0:1],在[2021-09-05 16:16:47],访问了[com.nowcoder.community.service.LikeService.findEntityLikeCount].
2021-09-05 16:16:47,952 INFO [http-nio-8080-exec-7] c.n.c.a.ServiceLogAspect [ServiceLogAspect.java:40] 用户[0:0:0:0:0:0:0:1],在[2021-09-05 16:16:47],访问了[com.nowcoder.community.service.UserService.findUserById].
2021-09-05 16:16:47,953 INFO [http-nio-8080-exec-7] c.n.c.a.ServiceLogAspect [ServiceLogAspect.java:40] 用户[0:0:0:0:0:0:0:1],在[2021-09-05 16:16:47],访问了[com.nowcoder.community.service.LikeService.findEntityLikeCount].
2021-09-05 16:16:47,954 INFO [http-nio-8080-exec-7] c.n.c.a.ServiceLogAspect [ServiceLogAspect.java:40] 用户[0:0:0:0:0:0:0:1],在[2021-09-05 16:16:47],访问了[com.nowcoder.community.service.UserService.findUserById].
2021-09-05 16:16:47,955 INFO [http-nio-8080-exec-7] c.n.c.a.ServiceLogAspect [ServiceLogAspect.java:40] 用户[0:0:0:0:0:0:0:1],在[2021-09-05 16:16:47],访问了[com.nowcoder.community.service.LikeService.findEntityLikeCount].
2021-09-05 16:16:47,956 INFO [http-nio-8080-exec-7] c.n.c.a.ServiceLogAspect [ServiceLogAspect.java:40] 用户[0:0:0:0:0:0:0:1],在[2021-09-05 16:16:47],访问了[com.nowcoder.community.service.UserService.findUserById].
2021-09-05 16:16:47,957 INFO [http-nio-8080-exec-7] c.n.c.a.ServiceLogAspect [ServiceLogAspect.java:40] 用户[0:0:0:0:0:0:0:1],在[2021-09-05 16:16:47],访问了[com.nowcoder.community.service.LikeService.findEntityLikeCount].
2021-09-05 16:16:47,957 INFO [http-nio-8080-exec-7] c.n.c.a.ServiceLogAspect [ServiceLogAspect.java:40] 用户[0:0:0:0:0:0:0:1],在[2021-09-05 16:16:47],访问了[com.nowcoder.community.service.UserService.findUserById].
2021-09-05 16:16:47,958 INFO [http-nio-8080-exec-7] c.n.c.a.ServiceLogAspect [ServiceLogAspect.java:40] 用户[0:0:0:0:0:0:0:1],在[2021-09-05 16:16:47],访问了[com.nowcoder.community.service.LikeService.findEntityLikeCount].
2021-09-05 16:16:47,959 INFO [http-nio-8080-exec-7] c.n.c.a.ServiceLogAspect [ServiceLogAspect.java:40] 用户[0:0:0:0:0:0:0:1],在[2021-09-05 16:16:47],访问了[com.nowcoder.community.service.UserService.findUserById].
2021-09-05 16:16:47,960 INFO [http-nio-8080-exec-7] c.n.c.a.ServiceLogAspect [ServiceLogAspect.java:40] 用户[0:0:0:0:0:0:0:1],在[2021-09-05 16:16:47],访问了[com.nowcoder.community.service.LikeService.findEntityLikeCount].
2021-09-05 16:16:47,962 INFO [http-nio-8080-exec-7] c.n.c.a.ServiceLogAspect [ServiceLogAspect.java:40] 用户[0:0:0:0:0:0:0:1],在[2021-09-05 16:16:47],访问了[com.nowcoder.community.service.UserService.findUserById].
2021-09-05 16:16:47,963 INFO [http-nio-8080-exec-7] c.n.c.a.ServiceLogAspect [ServiceLogAspect.java:40] 用户[0:0:0:0:0:0:0:1],在[2021-09-05 16:16:47],访问了[com.nowcoder.community.service.LikeService.findEntityLikeCount].
2021-09-05 16:16:49,224 INFO [http-nio-8080-exec-2] c.n.c.a.ServiceLogAspect [ServiceLogAspect.java:40] 用户[0:0:0:0:0:0:0:1],在[2021-09-05 16:16:49],访问了[com.nowcoder.community.service.DiscussPostService.findDiscussPostById].
2021-09-05 16:16:49,227 INFO [http-nio-8080-exec-2] c.n.c.a.ServiceLogAspect [ServiceLogAspect.java:40] 用户[0:0:0:0:0:0:0:1],在[2021-09-05 16:16:49],访问了[com.nowcoder.community.service.UserService.findUserById].
2021-09-05 16:16:49,228 INFO [http-nio-8080-exec-2] c.n.c.a.ServiceLogAspect [ServiceLogAspect.java:40] 用户[0:0:0:0:0:0:0:1],在[2021-09-05 16:16:49],访问了[com.nowcoder.community.service.LikeService.findEntityLikeCount].
2021-09-05 16:16:49,230 INFO [http-nio-8080-exec-2] c.n.c.a.ServiceLogAspect [ServiceLogAspect.java:40] 用户[0:0:0:0:0:0:0:1],在[2021-09-05 16:16:49],访问了[com.nowcoder.community.service.CommentService.findCommentsByEntity].
2021-09-05 16:16:49,232 INFO [http-nio-8080-exec-2] c.n.c.a.ServiceLogAspect [ServiceLogAspect.java:40] 用户[0:0:0:0:0:0:0:1],在[2021-09-05 16:16:49],访问了[com.nowcoder.community.service.UserService.findUserById].
2021-09-05 16:16:49,234 INFO [http-nio-8080-exec-2] c.n.c.a.ServiceLogAspect [ServiceLogAspect.java:40] 用户[0:0:0:0:0:0:0:1],在[2021-09-05 16:16:49],访问了[com.nowcoder.community.service.LikeService.findEntityLikeCount].
2021-09-05 16:16:49,235 INFO [http-nio-8080-exec-2] c.n.c.a.ServiceLogAspect [ServiceLogAspect.java:40] 用户[0:0:0:0:0:0:0:1],在[2021-09-05 16:16:49],访问了[com.nowcoder.community.service.CommentService.findCommentsByEntity].
2021-09-05 16:16:49,236 INFO [http-nio-8080-exec-2] c.n.c.a.ServiceLogAspect [ServiceLogAspect.java:40] 用户[0:0:0:0:0:0:0:1],在[2021-09-05 16:16:49],访问了[com.nowcoder.community.service.CommentService.findCommentCount].
2021-09-05 16:16:49,238 INFO [http-nio-8080-exec-2] c.n.c.a.ServiceLogAspect [ServiceLogAspect.java:40] 用户[0:0:0:0:0:0:0:1],在[2021-09-05 16:16:49],访问了[com.nowcoder.community.service.UserService.findUserById].
2021-09-05 16:16:49,239 INFO [http-nio-8080-exec-2] c.n.c.a.ServiceLogAspect [ServiceLogAspect.java:40] 用户[0:0:0:0:0:0:0:1],在[2021-09-05 16:16:49],访问了[com.nowcoder.community.service.LikeService.findEntityLikeCount].
2021-09-05 16:16:49,240 INFO [http-nio-8080-exec-2] c.n.c.a.ServiceLogAspect [ServiceLogAspect.java:40] 用户[0:0:0:0:0:0:0:1],在[2021-09-05 16:16:49],访问了[com.nowcoder.community.service.CommentService.findCommentsByEntity].
2021-09-05 16:16:49,242 INFO [http-nio-8080-exec-2] c.n.c.a.ServiceLogAspect [ServiceLogAspect.java:40] 用户[0:0:0:0:0:0:0:1],在[2021-09-05 16:16:49],访问了[com.nowcoder.community.service.CommentService.findCommentCount].
2021-09-05 16:16:49,243 INFO [http-nio-8080-exec-2] c.n.c.a.ServiceLogAspect [ServiceLogAspect.java:40] 用户[0:0:0:0:0:0:0:1],在[2021-09-05 16:16:49],访问了[com.nowcoder.community.service.UserService.findUserById].
2021-09-05 16:16:49,244 INFO [http-nio-8080-exec-2] c.n.c.a.ServiceLogAspect [ServiceLogAspect.java:40] 用户[0:0:0:0:0:0:0:1],在[2021-09-05 16:16:49],访问了[com.nowcoder.community.service.LikeService.findEntityLikeCount].
2021-09-05 16:16:49,247 INFO [http-nio-8080-exec-2] c.n.c.a.ServiceLogAspect [ServiceLogAspect.java:40] 用户[0:0:0:0:0:0:0:1],在[2021-09-05 16:16:49],访问了[com.nowcoder.community.service.CommentService.findCommentsByEntity].
2021-09-05 16:16:49,250 INFO [http-nio-8080-exec-2] c.n.c.a.ServiceLogAspect [ServiceLogAspect.java:40] 用户[0:0:0:0:0:0:0:1],在[2021-09-05 16:16:49],访问了[com.nowcoder.community.service.CommentService.findCommentCount].
2021-09-05 16:16:49,251 INFO [http-nio-8080-exec-2] c.n.c.a.ServiceLogAspect [ServiceLogAspect.java:40] 用户[0:0:0:0:0:0:0:1],在[2021-09-05 16:16:49],访问了[com.nowcoder.community.service.UserService.findUserById].
2021-09-05 16:16:49,252 INFO [http-nio-8080-exec-2] c.n.c.a.ServiceLogAspect [ServiceLogAspect.java:40] 用户[0:0:0:0:0:0:0:1],在[2021-09-05 16:16:49],访问了[com.nowcoder.community.service.LikeService.findEntityLikeCount].
2021-09-05 16:16:49,253 INFO [http-nio-8080-exec-2] c.n.c.a.ServiceLogAspect [ServiceLogAspect.java:40] 用户[0:0:0:0:0:0:0:1],在[2021-09-05 16:16:49],访问了[com.nowcoder.community.service.CommentService.findCommentsByEntity].
2021-09-05 16:16:49,254 INFO [http-nio-8080-exec-2] c.n.c.a.ServiceLogAspect [ServiceLogAspect.java:40] 用户[0:0:0:0:0:0:0:1],在[2021-09-05 16:16:49],访问了[com.nowcoder.community.service.CommentService.findCommentCount].
2021-09-05 16:16:49,256 INFO [http-nio-8080-exec-2] c.n.c.a.ServiceLogAspect [ServiceLogAspect.java:40] 用户[0:0:0:0:0:0:0:1],在[2021-09-05 16:16:49],访问了[com.nowcoder.community.service.UserService.findUserById].
2021-09-05 16:16:49,257 INFO [http-nio-8080-exec-2] c.n.c.a.ServiceLogAspect [ServiceLogAspect.java:40] 用户[0:0:0:0:0:0:0:1],在[2021-09-05 16:16:49],访问了[com.nowcoder.community.service.LikeService.findEntityLikeCount].
2021-09-05 16:16:49,258 INFO [http-nio-8080-exec-2] c.n.c.a.ServiceLogAspect [ServiceLogAspect.java:40] 用户[0:0:0:0:0:0:0:1],在[2021-09-05 16:16:49],访问了[com.nowcoder.community.service.CommentService.findCommentsByEntity].
2021-09-05 16:16:49,259 INFO [http-nio-8080-exec-2] c.n.c.a.ServiceLogAspect [ServiceLogAspect.java:40] 用户[0:0:0:0:0:0:0:1],在[2021-09-05 16:16:49],访问了[com.nowcoder.community.service.CommentService.findCommentCount].
2021-09-05 16:16:51,603 INFO [http-nio-8080-exec-6] c.n.c.a.ServiceLogAspect [ServiceLogAspect.java:40] 用户[0:0:0:0:0:0:0:1],在[2021-09-05 16:16:51],访问了[com.nowcoder.community.service.DiscussPostService.findDiscussPostRows].
2021-09-05 16:16:51,606 INFO [http-nio-8080-exec-6] c.n.c.a.ServiceLogAspect [ServiceLogAspect.java:40] 用户[0:0:0:0:0:0:0:1],在[2021-09-05 16:16:51],访问了[com.nowcoder.community.service.DiscussPostService.findDiscussPosts].
2021-09-05 16:16:51,611 INFO [http-nio-8080-exec-6] c.n.c.a.ServiceLogAspect [ServiceLogAspect.java:40] 用户[0:0:0:0:0:0:0:1],在[2021-09-05 16:16:51],访问了[com.nowcoder.community.service.UserService.findUserById].
2021-09-05 16:16:51,612 INFO [http-nio-8080-exec-6] c.n.c.a.ServiceLogAspect [ServiceLogAspect.java:40] 用户[0:0:0:0:0:0:0:1],在[2021-09-05 16:16:51],访问了[com.nowcoder.community.service.LikeService.findEntityLikeCount].
2021-09-05 16:16:51,614 INFO [http-nio-8080-exec-6] c.n.c.a.ServiceLogAspect [ServiceLogAspect.java:40] 用户[0:0:0:0:0:0:0:1],在[2021-09-05 16:16:51],访问了[com.nowcoder.community.service.UserService.findUserById].
2021-09-05 16:16:51,615 INFO [http-nio-8080-exec-6] c.n.c.a.ServiceLogAspect [ServiceLogAspect.java:40] 用户[0:0:0:0:0:0:0:1],在[2021-09-05 16:16:51],访问了[com.nowcoder.community.service.LikeService.findEntityLikeCount].
2021-09-05 16:16:51,615 INFO [http-nio-8080-exec-6] c.n.c.a.ServiceLogAspect [ServiceLogAspect.java:40] 用户[0:0:0:0:0:0:0:1],在[2021-09-05 16:16:51],访问了[com.nowcoder.community.service.UserService.findUserById].
2021-09-05 16:16:51,616 INFO [http-nio-8080-exec-6] c.n.c.a.ServiceLogAspect [ServiceLogAspect.java:40] 用户[0:0:0:0:0:0:0:1],在[2021-09-05 16:16:51],访问了[com.nowcoder.community.service.LikeService.findEntityLikeCount].
2021-09-05 16:16:51,617 INFO [http-nio-8080-exec-6] c.n.c.a.ServiceLogAspect [ServiceLogAspect.java:40] 用户[0:0:0:0:0:0:0:1],在[2021-09-05 16:16:51],访问了[com.nowcoder.community.service.UserService.findUserById].
2021-09-05 16:16:51,618 INFO [http-nio-8080-exec-6] c.n.c.a.ServiceLogAspect [ServiceLogAspect.java:40] 用户[0:0:0:0:0:0:0:1],在[2021-09-05 16:16:51],访问了[com.nowcoder.community.service.LikeService.findEntityLikeCount].
2021-09-05 16:16:51,619 INFO [http-nio-8080-exec-6] c.n.c.a.ServiceLogAspect [ServiceLogAspect.java:40] 用户[0:0:0:0:0:0:0:1],在[2021-09-05 16:16:51],访问了[com.nowcoder.community.service.UserService.findUserById].
2021-09-05 16:16:51,620 INFO [http-nio-8080-exec-6] c.n.c.a.ServiceLogAspect [ServiceLogAspect.java:40] 用户[0:0:0:0:0:0:0:1],在[2021-09-05 16:16:51],访问了[com.nowcoder.community.service.LikeService.findEntityLikeCount].
2021-09-05 16:16:51,621 INFO [http-nio-8080-exec-6] c.n.c.a.ServiceLogAspect [ServiceLogAspect.java:40] 用户[0:0:0:0:0:0:0:1],在[2021-09-05 16:16:51],访问了[com.nowcoder.community.service.UserService.findUserById].
2021-09-05 16:16:51,622 INFO [http-nio-8080-exec-6] c.n.c.a.ServiceLogAspect [ServiceLogAspect.java:40] 用户[0:0:0:0:0:0:0:1],在[2021-09-05 16:16:51],访问了[com.nowcoder.community.service.LikeService.findEntityLikeCount].
2021-09-05 16:16:51,623 INFO [http-nio-8080-exec-6] c.n.c.a.ServiceLogAspect [ServiceLogAspect.java:40] 用户[0:0:0:0:0:0:0:1],在[2021-09-05 16:16:51],访问了[com.nowcoder.community.service.UserService.findUserById].
2021-09-05 16:16:51,624 INFO [http-nio-8080-exec-6] c.n.c.a.ServiceLogAspect [ServiceLogAspect.java:40] 用户[0:0:0:0:0:0:0:1],在[2021-09-05 16:16:51],访问了[com.nowcoder.community.service.LikeService.findEntityLikeCount].
2021-09-05 16:16:51,626 INFO [http-nio-8080-exec-6] c.n.c.a.ServiceLogAspect [ServiceLogAspect.java:40] 用户[0:0:0:0:0:0:0:1],在[2021-09-05 16:16:51],访问了[com.nowcoder.community.service.UserService.findUserById].
2021-09-05 16:16:51,628 INFO [http-nio-8080-exec-6] c.n.c.a.ServiceLogAspect [ServiceLogAspect.java:40] 用户[0:0:0:0:0:0:0:1],在[2021-09-05 16:16:51],访问了[com.nowcoder.community.service.LikeService.findEntityLikeCount].
2021-09-05 16:16:51,629 INFO [http-nio-8080-exec-6] c.n.c.a.ServiceLogAspect [ServiceLogAspect.java:40] 用户[0:0:0:0:0:0:0:1],在[2021-09-05 16:16:51],访问了[com.nowcoder.community.service.UserService.findUserById].
2021-09-05 16:16:51,630 INFO [http-nio-8080-exec-6] c.n.c.a.ServiceLogAspect [ServiceLogAspect.java:40] 用户[0:0:0:0:0:0:0:1],在[2021-09-05 16:16:51],访问了[com.nowcoder.community.service.LikeService.findEntityLikeCount].
2021-09-05 16:16:51,630 INFO [http-nio-8080-exec-6] c.n.c.a.ServiceLogAspect [ServiceLogAspect.java:40] 用户[0:0:0:0:0:0:0:1],在[2021-09-05 16:16:51],访问了[com.nowcoder.community.service.UserService.findUserById].
2021-09-05 16:16:51,631 INFO [http-nio-8080-exec-6] c.n.c.a.ServiceLogAspect [ServiceLogAspect.java:40] 用户[0:0:0:0:0:0:0:1],在[2021-09-05 16:16:51],访问了[com.nowcoder.community.service.LikeService.findEntityLikeCount].
2021-09-05 16:16:53,535 INFO [http-nio-8080-exec-9] c.n.c.a.ServiceLogAspect [ServiceLogAspect.java:40] 用户[0:0:0:0:0:0:0:1],在[2021-09-05 16:16:53],访问了[com.nowcoder.community.service.DiscussPostService.findDiscussPostById].
2021-09-05 16:16:53,537 INFO [http-nio-8080-exec-9] c.n.c.a.ServiceLogAspect [ServiceLogAspect.java:40] 用户[0:0:0:0:0:0:0:1],在[2021-09-05 16:16:53],访问了[com.nowcoder.community.service.UserService.findUserById].
2021-09-05 16:16:53,538 INFO [http-nio-8080-exec-9] c.n.c.a.ServiceLogAspect [ServiceLogAspect.java:40] 用户[0:0:0:0:0:0:0:1],在[2021-09-05 16:16:53],访问了[com.nowcoder.community.service.LikeService.findEntityLikeCount].
2021-09-05 16:16:53,539 INFO [http-nio-8080-exec-9] c.n.c.a.ServiceLogAspect [ServiceLogAspect.java:40] 用户[0:0:0:0:0:0:0:1],在[2021-09-05 16:16:53],访问了[com.nowcoder.community.service.CommentService.findCommentsByEntity].
2021-09-05 16:16:53,543 INFO [http-nio-8080-exec-9] c.n.c.a.ServiceLogAspect [ServiceLogAspect.java:40] 用户[0:0:0:0:0:0:0:1],在[2021-09-05 16:16:53],访问了[com.nowcoder.community.service.UserService.findUserById].
2021-09-05 16:16:53,544 INFO [http-nio-8080-exec-9] c.n.c.a.ServiceLogAspect [ServiceLogAspect.java:40] 用户[0:0:0:0:0:0:0:1],在[2021-09-05 16:16:53],访问了[com.nowcoder.community.service.LikeService.findEntityLikeCount].
2021-09-05 16:16:53,545 INFO [http-nio-8080-exec-9] c.n.c.a.ServiceLogAspect [ServiceLogAspect.java:40] 用户[0:0:0:0:0:0:0:1],在[2021-09-05 16:16:53],访问了[com.nowcoder.community.service.CommentService.findCommentsByEntity].
2021-09-05 16:16:53,547 INFO [http-nio-8080-exec-9] c.n.c.a.ServiceLogAspect [ServiceLogAspect.java:40] 用户[0:0:0:0:0:0:0:1],在[2021-09-05 16:16:53],访问了[com.nowcoder.community.service.CommentService.findCommentCount].
2021-09-05 16:16:53,548 INFO [http-nio-8080-exec-9] c.n.c.a.ServiceLogAspect [ServiceLogAspect.java:40] 用户[0:0:0:0:0:0:0:1],在[2021-09-05 16:16:53],访问了[com.nowcoder.community.service.UserService.findUserById].
2021-09-05 16:16:53,549 INFO [http-nio-8080-exec-9] c.n.c.a.ServiceLogAspect [ServiceLogAspect.java:40] 用户[0:0:0:0:0:0:0:1],在[2021-09-05 16:16:53],访问了[com.nowcoder.community.service.LikeService.findEntityLikeCount].
2021-09-05 16:16:53,550 INFO [http-nio-8080-exec-9] c.n.c.a.ServiceLogAspect [ServiceLogAspect.java:40] 用户[0:0:0:0:0:0:0:1],在[2021-09-05 16:16:53],访问了[com.nowcoder.community.service.CommentService.findCommentsByEntity].
2021-09-05 16:16:53,551 INFO [http-nio-8080-exec-9] c.n.c.a.ServiceLogAspect [ServiceLogAspect.java:40] 用户[0:0:0:0:0:0:0:1],在[2021-09-05 16:16:53],访问了[com.nowcoder.community.service.CommentService.findCommentCount].
2021-09-05 16:16:53,552 INFO [http-nio-8080-exec-9] c.n.c.a.ServiceLogAspect [ServiceLogAspect.java:40] 用户[0:0:0:0:0:0:0:1],在[2021-09-05 16:16:53],访问了[com.nowcoder.community.service.UserService.findUserById].
2021-09-05 16:16:53,553 INFO [http-nio-8080-exec-9] c.n.c.a.ServiceLogAspect [ServiceLogAspect.java:40] 用户[0:0:0:0:0:0:0:1],在[2021-09-05 16:16:53],访问了[com.nowcoder.community.service.LikeService.findEntityLikeCount].
2021-09-05 16:16:53,554 INFO [http-nio-8080-exec-9] c.n.c.a.ServiceLogAspect [ServiceLogAspect.java:40] 用户[0:0:0:0:0:0:0:1],在[2021-09-05 16:16:53],访问了[com.nowcoder.community.service.CommentService.findCommentsByEntity].
2021-09-05 16:16:53,555 INFO [http-nio-8080-exec-9] c.n.c.a.ServiceLogAspect [ServiceLogAspect.java:40] 用户[0:0:0:0:0:0:0:1],在[2021-09-05 16:16:53],访问了[com.nowcoder.community.service.CommentService.findCommentCount].
2021-09-05 16:16:53,557 INFO [http-nio-8080-exec-9] c.n.c.a.ServiceLogAspect [ServiceLogAspect.java:40] 用户[0:0:0:0:0:0:0:1],在[2021-09-05 16:16:53],访问了[com.nowcoder.community.service.UserService.findUserById].
2021-09-05 16:16:53,558 INFO [http-nio-8080-exec-9] c.n.c.a.ServiceLogAspect [ServiceLogAspect.java:40] 用户[0:0:0:0:0:0:0:1],在[2021-09-05 16:16:53],访问了[com.nowcoder.community.service.LikeService.findEntityLikeCount].
2021-09-05 16:16:53,560 INFO [http-nio-8080-exec-9] c.n.c.a.ServiceLogAspect [ServiceLogAspect.java:40] 用户[0:0:0:0:0:0:0:1],在[2021-09-05 16:16:53],访问了[com.nowcoder.community.service.CommentService.findCommentsByEntity].
2021-09-05 16:16:53,561 INFO [http-nio-8080-exec-9] c.n.c.a.ServiceLogAspect [ServiceLogAspect.java:40] 用户[0:0:0:0:0:0:0:1],在[2021-09-05 16:16:53],访问了[com.nowcoder.community.service.CommentService.findCommentCount].
2021-09-05 16:16:53,562 INFO [http-nio-8080-exec-9] c.n.c.a.ServiceLogAspect [ServiceLogAspect.java:40] 用户[0:0:0:0:0:0:0:1],在[2021-09-05 16:16:53],访问了[com.nowcoder.community.service.UserService.findUserById].
2021-09-05 16:16:53,563 INFO [http-nio-8080-exec-9] c.n.c.a.ServiceLogAspect [ServiceLogAspect.java:40] 用户[0:0:0:0:0:0:0:1],在[2021-09-05 16:16:53],访问了[com.nowcoder.community.service.LikeService.findEntityLikeCount].
2021-09-05 16:16:53,564 INFO [http-nio-8080-exec-9] c.n.c.a.ServiceLogAspect [ServiceLogAspect.java:40] 用户[0:0:0:0:0:0:0:1],在[2021-09-05 16:16:53],访问了[com.nowcoder.community.service.CommentService.findCommentsByEntity].
2021-09-05 16:16:53,565 INFO [http-nio-8080-exec-9] c.n.c.a.ServiceLogAspect [ServiceLogAspect.java:40] 用户[0:0:0:0:0:0:0:1],在[2021-09-05 16:16:53],访问了[com.nowcoder.community.service.CommentService.findCommentCount].
2021-09-05 16:16:58,443 INFO [http-nio-8080-exec-8] c.n.c.a.ServiceLogAspect [ServiceLogAspect.java:40] 用户[0:0:0:0:0:0:0:1],在[2021-09-05 16:16:58],访问了[com.nowcoder.community.service.DiscussPostService.findDiscussPostRows].
2021-09-05 16:16:58,445 INFO [http-nio-8080-exec-8] c.n.c.a.ServiceLogAspect [ServiceLogAspect.java:40] 用户[0:0:0:0:0:0:0:1],在[2021-09-05 16:16:58],访问了[com.nowcoder.community.service.DiscussPostService.findDiscussPosts].
2021-09-05 16:16:58,449 INFO [http-nio-8080-exec-8] c.n.c.a.ServiceLogAspect [ServiceLogAspect.java:40] 用户[0:0:0:0:0:0:0:1],在[2021-09-05 16:16:58],访问了[com.nowcoder.community.service.UserService.findUserById].
2021-09-05 16:16:58,451 INFO [http-nio-8080-exec-8] c.n.c.a.ServiceLogAspect [ServiceLogAspect.java:40] 用户[0:0:0:0:0:0:0:1],在[2021-09-05 16:16:58],访问了[com.nowcoder.community.service.LikeService.findEntityLikeCount].
2021-09-05 16:16:58,452 INFO [http-nio-8080-exec-8] c.n.c.a.ServiceLogAspect [ServiceLogAspect.java:40] 用户[0:0:0:0:0:0:0:1],在[2021-09-05 16:16:58],访问了[com.nowcoder.community.service.UserService.findUserById].
2021-09-05 16:16:58,453 INFO [http-nio-8080-exec-8] c.n.c.a.ServiceLogAspect [ServiceLogAspect.java:40] 用户[0:0:0:0:0:0:0:1],在[2021-09-05 16:16:58],访问了[com.nowcoder.community.service.LikeService.findEntityLikeCount].
2021-09-05 16:16:58,454 INFO [http-nio-8080-exec-8] c.n.c.a.ServiceLogAspect [ServiceLogAspect.java:40] 用户[0:0:0:0:0:0:0:1],在[2021-09-05 16:16:58],访问了[com.nowcoder.community.service.UserService.findUserById].
2021-09-05 16:16:58,455 INFO [http-nio-8080-exec-8] c.n.c.a.ServiceLogAspect [ServiceLogAspect.java:40] 用户[0:0:0:0:0:0:0:1],在[2021-09-05 16:16:58],访问了[com.nowcoder.community.service.LikeService.findEntityLikeCount].
2021-09-05 16:16:58,455 INFO [http-nio-8080-exec-8] c.n.c.a.ServiceLogAspect [ServiceLogAspect.java:40] 用户[0:0:0:0:0:0:0:1],在[2021-09-05 16:16:58],访问了[com.nowcoder.community.service.UserService.findUserById].
2021-09-05 16:16:58,456 INFO [http-nio-8080-exec-8] c.n.c.a.ServiceLogAspect [ServiceLogAspect.java:40] 用户[0:0:0:0:0:0:0:1],在[2021-09-05 16:16:58],访问了[com.nowcoder.community.service.LikeService.findEntityLikeCount].
2021-09-05 16:16:58,457 INFO [http-nio-8080-exec-8] c.n.c.a.ServiceLogAspect [ServiceLogAspect.java:40] 用户[0:0:0:0:0:0:0:1],在[2021-09-05 16:16:58],访问了[com.nowcoder.community.service.UserService.findUserById].
2021-09-05 16:16:58,458 INFO [http-nio-8080-exec-8] c.n.c.a.ServiceLogAspect [ServiceLogAspect.java:40] 用户[0:0:0:0:0:0:0:1],在[2021-09-05 16:16:58],访问了[com.nowcoder.community.service.LikeService.findEntityLikeCount].
2021-09-05 16:16:58,459 INFO [http-nio-8080-exec-8] c.n.c.a.ServiceLogAspect [ServiceLogAspect.java:40] 用户[0:0:0:0:0:0:0:1],在[2021-09-05 16:16:58],访问了[com.nowcoder.community.service.UserService.findUserById].
2021-09-05 16:16:58,460 INFO [http-nio-8080-exec-8] c.n.c.a.ServiceLogAspect [ServiceLogAspect.java:40] 用户[0:0:0:0:0:0:0:1],在[2021-09-05 16:16:58],访问了[com.nowcoder.community.service.LikeService.findEntityLikeCount].
2021-09-05 16:16:58,461 INFO [http-nio-8080-exec-8] c.n.c.a.ServiceLogAspect [ServiceLogAspect.java:40] 用户[0:0:0:0:0:0:0:1],在[2021-09-05 16:16:58],访问了[com.nowcoder.community.service.UserService.findUserById].
2021-09-05 16:16:58,462 INFO [http-nio-8080-exec-8] c.n.c.a.ServiceLogAspect [ServiceLogAspect.java:40] 用户[0:0:0:0:0:0:0:1],在[2021-09-05 16:16:58],访问了[com.nowcoder.community.service.LikeService.findEntityLikeCount].
2021-09-05 16:16:58,463 INFO [http-nio-8080-exec-8] c.n.c.a.ServiceLogAspect [ServiceLogAspect.java:40] 用户[0:0:0:0:0:0:0:1],在[2021-09-05 16:16:58],访问了[com.nowcoder.community.service.UserService.findUserById].
2021-09-05 16:16:58,463 INFO [http-nio-8080-exec-8] c.n.c.a.ServiceLogAspect [ServiceLogAspect.java:40] 用户[0:0:0:0:0:0:0:1],在[2021-09-05 16:16:58],访问了[com.nowcoder.community.service.LikeService.findEntityLikeCount].
2021-09-05 16:16:58,465 INFO [http-nio-8080-exec-8] c.n.c.a.ServiceLogAspect [ServiceLogAspect.java:40] 用户[0:0:0:0:0:0:0:1],在[2021-09-05 16:16:58],访问了[com.nowcoder.community.service.UserService.findUserById].
2021-09-05 16:16:58,466 INFO [http-nio-8080-exec-8] c.n.c.a.ServiceLogAspect [ServiceLogAspect.java:40] 用户[0:0:0:0:0:0:0:1],在[2021-09-05 16:16:58],访问了[com.nowcoder.community.service.LikeService.findEntityLikeCount].
2021-09-05 16:16:58,467 INFO [http-nio-8080-exec-8] c.n.c.a.ServiceLogAspect [ServiceLogAspect.java:40] 用户[0:0:0:0:0:0:0:1],在[2021-09-05 16:16:58],访问了[com.nowcoder.community.service.UserService.findUserById].
2021-09-05 16:16:58,468 INFO [http-nio-8080-exec-8] c.n.c.a.ServiceLogAspect [ServiceLogAspect.java:40] 用户[0:0:0:0:0:0:0:1],在[2021-09-05 16:16:58],访问了[com.nowcoder.community.service.LikeService.findEntityLikeCount].
2021-09-05 16:17:10,391 INFO [http-nio-8080-exec-8] c.n.c.a.ServiceLogAspect [ServiceLogAspect.java:40] 用户[0:0:0:0:0:0:0:1],在[2021-09-05 16:17:10],访问了[com.nowcoder.community.service.LoginService.login].
2021-09-05 16:17:10,433 INFO [http-nio-8080-exec-10] c.n.c.a.ServiceLogAspect [ServiceLogAspect.java:40] 用户[0:0:0:0:0:0:0:1],在[2021-09-05 16:17:10],访问了[com.nowcoder.community.service.UserService.findLoginTicket].
2021-09-05 16:17:10,436 INFO [http-nio-8080-exec-10] c.n.c.a.ServiceLogAspect [ServiceLogAspect.java:40] 用户[0:0:0:0:0:0:0:1],在[2021-09-05 16:17:10],访问了[com.nowcoder.community.service.UserService.findUserById].
2021-09-05 16:17:10,436 INFO [http-nio-8080-exec-10] c.n.c.a.ServiceLogAspect [ServiceLogAspect.java:40] 用户[0:0:0:0:0:0:0:1],在[2021-09-05 16:17:10],访问了[com.nowcoder.community.service.DiscussPostService.findDiscussPostRows].
2021-09-05 16:17:10,438 INFO [http-nio-8080-exec-10] c.n.c.a.ServiceLogAspect [ServiceLogAspect.java:40] 用户[0:0:0:0:0:0:0:1],在[2021-09-05 16:17:10],访问了[com.nowcoder.community.service.DiscussPostService.findDiscussPosts].
2021-09-05 16:17:10,440 INFO [http-nio-8080-exec-10] c.n.c.a.ServiceLogAspect [ServiceLogAspect.java:40] 用户[0:0:0:0:0:0:0:1],在[2021-09-05 16:17:10],访问了[com.nowcoder.community.service.UserService.findUserById].
2021-09-05 16:17:10,441 INFO [http-nio-8080-exec-10] c.n.c.a.ServiceLogAspect [ServiceLogAspect.java:40] 用户[0:0:0:0:0:0:0:1],在[2021-09-05 16:17:10],访问了[com.nowcoder.community.service.LikeService.findEntityLikeCount].
2021-09-05 16:17:10,442 INFO [http-nio-8080-exec-10] c.n.c.a.ServiceLogAspect [ServiceLogAspect.java:40] 用户[0:0:0:0:0:0:0:1],在[2021-09-05 16:17:10],访问了[com.nowcoder.community.service.UserService.findUserById].
2021-09-05 16:17:10,443 INFO [http-nio-8080-exec-10] c.n.c.a.ServiceLogAspect [ServiceLogAspect.java:40] 用户[0:0:0:0:0:0:0:1],在[2021-09-05 16:17:10],访问了[com.nowcoder.community.service.LikeService.findEntityLikeCount].
2021-09-05 16:17:10,444 INFO [http-nio-8080-exec-10] c.n.c.a.ServiceLogAspect [ServiceLogAspect.java:40] 用户[0:0:0:0:0:0:0:1],在[2021-09-05 16:17:10],访问了[com.nowcoder.community.service.UserService.findUserById].
2021-09-05 16:17:10,445 INFO [http-nio-8080-exec-10] c.n.c.a.ServiceLogAspect [ServiceLogAspect.java:40] 用户[0:0:0:0:0:0:0:1],在[2021-09-05 16:17:10],访问了[com.nowcoder.community.service.LikeService.findEntityLikeCount].
2021-09-05 16:17:10,445 INFO [http-nio-8080-exec-10] c.n.c.a.ServiceLogAspect [ServiceLogAspect.java:40] 用户[0:0:0:0:0:0:0:1],在[2021-09-05 16:17:10],访问了[com.nowcoder.community.service.UserService.findUserById].
2021-09-05 16:17:10,446 INFO [http-nio-8080-exec-10] c.n.c.a.ServiceLogAspect [ServiceLogAspect.java:40] 用户[0:0:0:0:0:0:0:1],在[2021-09-05 16:17:10],访问了[com.nowcoder.community.service.LikeService.findEntityLikeCount].
2021-09-05 16:17:10,447 INFO [http-nio-8080-exec-10] c.n.c.a.ServiceLogAspect [ServiceLogAspect.java:40] 用户[0:0:0:0:0:0:0:1],在[2021-09-05 16:17:10],访问了[com.nowcoder.community.service.UserService.findUserById].
2021-09-05 16:17:10,447 INFO [http-nio-8080-exec-10] c.n.c.a.ServiceLogAspect [ServiceLogAspect.java:40] 用户[0:0:0:0:0:0:0:1],在[2021-09-05 16:17:10],访问了[com.nowcoder.community.service.LikeService.findEntityLikeCount].
2021-09-05 16:17:10,448 INFO [http-nio-8080-exec-10] c.n.c.a.ServiceLogAspect [ServiceLogAspect.java:40] 用户[0:0:0:0:0:0:0:1],在[2021-09-05 16:17:10],访问了[com.nowcoder.community.service.UserService.findUserById].
2021-09-05 16:17:10,449 INFO [http-nio-8080-exec-10] c.n.c.a.ServiceLogAspect [ServiceLogAspect.java:40] 用户[0:0:0:0:0:0:0:1],在[2021-09-05 16:17:10],访问了[com.nowcoder.community.service.LikeService.findEntityLikeCount].
2021-09-05 16:17:10,450 INFO [http-nio-8080-exec-10] c.n.c.a.ServiceLogAspect [ServiceLogAspect.java:40] 用户[0:0:0:0:0:0:0:1],在[2021-09-05 16:17:10],访问了[com.nowcoder.community.service.UserService.findUserById].
2021-09-05 16:17:10,451 INFO [http-nio-8080-exec-10] c.n.c.a.ServiceLogAspect [ServiceLogAspect.java:40] 用户[0:0:0:0:0:0:0:1],在[2021-09-05 16:17:10],访问了[com.nowcoder.community.service.LikeService.findEntityLikeCount].
2021-09-05 16:17:10,452 INFO [http-nio-8080-exec-10] c.n.c.a.ServiceLogAspect [ServiceLogAspect.java:40] 用户[0:0:0:0:0:0:0:1],在[2021-09-05 16:17:10],访问了[com.nowcoder.community.service.UserService.findUserById].
2021-09-05 16:17:10,453 INFO [http-nio-8080-exec-10] c.n.c.a.ServiceLogAspect [ServiceLogAspect.java:40] 用户[0:0:0:0:0:0:0:1],在[2021-09-05 16:17:10],访问了[com.nowcoder.community.service.LikeService.findEntityLikeCount].
2021-09-05 16:17:10,454 INFO [http-nio-8080-exec-10] c.n.c.a.ServiceLogAspect [ServiceLogAspect.java:40] 用户[0:0:0:0:0:0:0:1],在[2021-09-05 16:17:10],访问了[com.nowcoder.community.service.UserService.findUserById].
2021-09-05 16:17:10,454 INFO [http-nio-8080-exec-10] c.n.c.a.ServiceLogAspect [ServiceLogAspect.java:40] 用户[0:0:0:0:0:0:0:1],在[2021-09-05 16:17:10],访问了[com.nowcoder.community.service.LikeService.findEntityLikeCount].
2021-09-05 16:17:10,455 INFO [http-nio-8080-exec-10] c.n.c.a.ServiceLogAspect [ServiceLogAspect.java:40] 用户[0:0:0:0:0:0:0:1],在[2021-09-05 16:17:10],访问了[com.nowcoder.community.service.UserService.findUserById].
2021-09-05 16:17:10,456 INFO [http-nio-8080-exec-10] c.n.c.a.ServiceLogAspect [ServiceLogAspect.java:40] 用户[0:0:0:0:0:0:0:1],在[2021-09-05 16:17:10],访问了[com.nowcoder.community.service.LikeService.findEntityLikeCount].
2021-09-05 16:17:14,615 INFO [http-nio-8080-exec-3] c.n.c.a.ServiceLogAspect [ServiceLogAspect.java:40] 用户[0:0:0:0:0:0:0:1],在[2021-09-05 16:17:14],访问了[com.nowcoder.community.service.UserService.findLoginTicket].
2021-09-05 16:17:14,617 INFO [http-nio-8080-exec-3] c.n.c.a.ServiceLogAspect [ServiceLogAspect.java:40] 用户[0:0:0:0:0:0:0:1],在[2021-09-05 16:17:14],访问了[com.nowcoder.community.service.UserService.findUserById].
2021-09-05 16:17:14,618 INFO [http-nio-8080-exec-3] c.n.c.a.ServiceLogAspect [ServiceLogAspect.java:40] 用户[0:0:0:0:0:0:0:1],在[2021-09-05 16:17:14],访问了[com.nowcoder.community.service.DiscussPostService.findDiscussPostRows].
2021-09-05 16:17:14,620 INFO [http-nio-8080-exec-3] c.n.c.a.ServiceLogAspect [ServiceLogAspect.java:40] 用户[0:0:0:0:0:0:0:1],在[2021-09-05 16:17:14],访问了[com.nowcoder.community.service.DiscussPostService.findDiscussPosts].
2021-09-05 16:17:14,623 INFO [http-nio-8080-exec-3] c.n.c.a.ServiceLogAspect [ServiceLogAspect.java:40] 用户[0:0:0:0:0:0:0:1],在[2021-09-05 16:17:14],访问了[com.nowcoder.community.service.UserService.findUserById].
2021-09-05 16:17:14,624 INFO [http-nio-8080-exec-3] c.n.c.a.ServiceLogAspect [ServiceLogAspect.java:40] 用户[0:0:0:0:0:0:0:1],在[2021-09-05 16:17:14],访问了[com.nowcoder.community.service.LikeService.findEntityLikeCount].
2021-09-05 16:17:14,624 INFO [http-nio-8080-exec-3] c.n.c.a.ServiceLogAspect [ServiceLogAspect.java:40] 用户[0:0:0:0:0:0:0:1],在[2021-09-05 16:17:14],访问了[com.nowcoder.community.service.UserService.findUserById].
2021-09-05 16:17:14,625 INFO [http-nio-8080-exec-3] c.n.c.a.ServiceLogAspect [ServiceLogAspect.java:40] 用户[0:0:0:0:0:0:0:1],在[2021-09-05 16:17:14],访问了[com.nowcoder.community.service.LikeService.findEntityLikeCount].
2021-09-05 16:17:14,626 INFO [http-nio-8080-exec-3] c.n.c.a.ServiceLogAspect [ServiceLogAspect.java:40] 用户[0:0:0:0:0:0:0:1],在[2021-09-05 16:17:14],访问了[com.nowcoder.community.service.UserService.findUserById].
2021-09-05 16:17:14,627 INFO [http-nio-8080-exec-3] c.n.c.a.ServiceLogAspect [ServiceLogAspect.java:40] 用户[0:0:0:0:0:0:0:1],在[2021-09-05 16:17:14],访问了[com.nowcoder.community.service.LikeService.findEntityLikeCount].
2021-09-05 16:17:14,627 INFO [http-nio-8080-exec-3] c.n.c.a.ServiceLogAspect [ServiceLogAspect.java:40] 用户[0:0:0:0:0:0:0:1],在[2021-09-05 16:17:14],访问了[com.nowcoder.community.service.UserService.findUserById].
2021-09-05 16:17:14,628 INFO [http-nio-8080-exec-3] c.n.c.a.ServiceLogAspect [ServiceLogAspect.java:40] 用户[0:0:0:0:0:0:0:1],在[2021-09-05 16:17:14],访问了[com.nowcoder.community.service.LikeService.findEntityLikeCount].
2021-09-05 16:17:14,629 INFO [http-nio-8080-exec-3] c.n.c.a.ServiceLogAspect [ServiceLogAspect.java:40] 用户[0:0:0:0:0:0:0:1],在[2021-09-05 16:17:14],访问了[com.nowcoder.community.service.UserService.findUserById].
2021-09-05 16:17:14,630 INFO [http-nio-8080-exec-3] c.n.c.a.ServiceLogAspect [ServiceLogAspect.java:40] 用户[0:0:0:0:0:0:0:1],在[2021-09-05 16:17:14],访问了[com.nowcoder.community.service.LikeService.findEntityLikeCount].
2021-09-05 16:17:14,631 INFO [http-nio-8080-exec-3] c.n.c.a.ServiceLogAspect [ServiceLogAspect.java:40] 用户[0:0:0:0:0:0:0:1],在[2021-09-05 16:17:14],访问了[com.nowcoder.community.service.UserService.findUserById].
2021-09-05 16:17:14,632 INFO [http-nio-8080-exec-3] c.n.c.a.ServiceLogAspect [ServiceLogAspect.java:40] 用户[0:0:0:0:0:0:0:1],在[2021-09-05 16:17:14],访问了[com.nowcoder.community.service.LikeService.findEntityLikeCount].
2021-09-05 16:17:14,633 INFO [http-nio-8080-exec-3] c.n.c.a.ServiceLogAspect [ServiceLogAspect.java:40] 用户[0:0:0:0:0:0:0:1],在[2021-09-05 16:17:14],访问了[com.nowcoder.community.service.UserService.findUserById].
2021-09-05 16:17:14,634 INFO [http-nio-8080-exec-3] c.n.c.a.ServiceLogAspect [ServiceLogAspect.java:40] 用户[0:0:0:0:0:0:0:1],在[2021-09-05 16:17:14],访问了[com.nowcoder.community.service.LikeService.findEntityLikeCount].
2021-09-05 16:17:14,634 INFO [http-nio-8080-exec-3] c.n.c.a.ServiceLogAspect [ServiceLogAspect.java:40] 用户[0:0:0:0:0:0:0:1],在[2021-09-05 16:17:14],访问了[com.nowcoder.community.service.UserService.findUserById].
2021-09-05 16:17:14,636 INFO [http-nio-8080-exec-3] c.n.c.a.ServiceLogAspect [ServiceLogAspect.java:40] 用户[0:0:0:0:0:0:0:1],在[2021-09-05 16:17:14],访问了[com.nowcoder.community.service.LikeService.findEntityLikeCount].
2021-09-05 16:17:14,637 INFO [http-nio-8080-exec-3] c.n.c.a.ServiceLogAspect [ServiceLogAspect.java:40] 用户[0:0:0:0:0:0:0:1],在[2021-09-05 16:17:14],访问了[com.nowcoder.community.service.UserService.findUserById].
2021-09-05 16:17:14,637 INFO [http-nio-8080-exec-3] c.n.c.a.ServiceLogAspect [ServiceLogAspect.java:40] 用户[0:0:0:0:0:0:0:1],在[2021-09-05 16:17:14],访问了[com.nowcoder.community.service.LikeService.findEntityLikeCount].
2021-09-05 16:17:14,638 INFO [http-nio-8080-exec-3] c.n.c.a.ServiceLogAspect [ServiceLogAspect.java:40] 用户[0:0:0:0:0:0:0:1],在[2021-09-05 16:17:14],访问了[com.nowcoder.community.service.UserService.findUserById].
2021-09-05 16:17:14,641 INFO [http-nio-8080-exec-3] c.n.c.a.ServiceLogAspect [ServiceLogAspect.java:40] 用户[0:0:0:0:0:0:0:1],在[2021-09-05 16:17:14],访问了[com.nowcoder.community.service.LikeService.findEntityLikeCount].
2021-09-05 16:17:16,944 INFO [http-nio-8080-exec-10] c.n.c.a.ServiceLogAspect [ServiceLogAspect.java:40] 用户[0:0:0:0:0:0:0:1],在[2021-09-05 16:17:16],访问了[com.nowcoder.community.service.UserService.findLoginTicket].
2021-09-05 16:17:16,945 INFO [http-nio-8080-exec-10] c.n.c.a.ServiceLogAspect [ServiceLogAspect.java:40] 用户[0:0:0:0:0:0:0:1],在[2021-09-05 16:17:16],访问了[com.nowcoder.community.service.UserService.findUserById].
2021-09-05 16:17:16,946 INFO [http-nio-8080-exec-10] c.n.c.a.ServiceLogAspect [ServiceLogAspect.java:40] 用户[0:0:0:0:0:0:0:1],在[2021-09-05 16:17:16],访问了[com.nowcoder.community.service.UserService.findUserById].
2021-09-05 16:17:16,947 INFO [http-nio-8080-exec-10] c.n.c.a.ServiceLogAspect [ServiceLogAspect.java:40] 用户[0:0:0:0:0:0:0:1],在[2021-09-05 16:17:16],访问了[com.nowcoder.community.service.LikeService.findUserLikeCount].
2021-09-05 16:17:16,949 INFO [http-nio-8080-exec-10] c.n.c.a.ServiceLogAspect [ServiceLogAspect.java:40] 用户[0:0:0:0:0:0:0:1],在[2021-09-05 16:17:16],访问了[com.nowcoder.community.service.FollowService.findFolloweeCount].
2021-09-05 16:17:16,987 INFO [http-nio-8080-exec-10] c.n.c.a.ServiceLogAspect [ServiceLogAspect.java:40] 用户[0:0:0:0:0:0:0:1],在[2021-09-05 16:17:16],访问了[com.nowcoder.community.service.FollowService.findFollowerCount].
2021-09-05 16:17:16,989 INFO [http-nio-8080-exec-10] c.n.c.a.ServiceLogAspect [ServiceLogAspect.java:40] 用户[0:0:0:0:0:0:0:1],在[2021-09-05 16:17:16],访问了[com.nowcoder.community.service.FollowService.hasFollowed].
2021-09-05 16:17:18,234 INFO [http-nio-8080-exec-3] c.n.c.a.ServiceLogAspect [ServiceLogAspect.java:40] 用户[0:0:0:0:0:0:0:1],在[2021-09-05 16:17:18],访问了[com.nowcoder.community.service.UserService.findLoginTicket].
2021-09-05 16:17:18,235 INFO [http-nio-8080-exec-3] c.n.c.a.ServiceLogAspect [ServiceLogAspect.java:40] 用户[0:0:0:0:0:0:0:1],在[2021-09-05 16:17:18],访问了[com.nowcoder.community.service.UserService.findUserById].
2021-09-05 16:17:18,238 INFO [http-nio-8080-exec-3] c.n.c.a.ServiceLogAspect [ServiceLogAspect.java:40] 用户[0:0:0:0:0:0:0:1],在[2021-09-05 16:17:18],访问了[com.nowcoder.community.service.UserService.findLoginTicket].
2021-09-05 16:17:18,239 INFO [http-nio-8080-exec-3] c.n.c.a.ServiceLogAspect [ServiceLogAspect.java:40] 用户[0:0:0:0:0:0:0:1],在[2021-09-05 16:17:18],访问了[com.nowcoder.community.service.UserService.findUserById].
2021-09-05 16:17:18,284 INFO [http-nio-8080-exec-6] c.n.c.a.ServiceLogAspect [ServiceLogAspect.java:40] 用户[0:0:0:0:0:0:0:1],在[2021-09-05 16:17:18],访问了[com.nowcoder.community.service.UserService.findLoginTicket].
2021-09-05 16:17:18,285 INFO [http-nio-8080-exec-6] c.n.c.a.ServiceLogAspect [ServiceLogAspect.java:40] 用户[0:0:0:0:0:0:0:1],在[2021-09-05 16:17:18],访问了[com.nowcoder.community.service.UserService.findUserById].
2021-09-05 16:17:20,888 INFO [http-nio-8080-exec-9] c.n.c.a.ServiceLogAspect [ServiceLogAspect.java:40] 用户[0:0:0:0:0:0:0:1],在[2021-09-05 16:17:20],访问了[com.nowcoder.community.service.UserService.findLoginTicket].
2021-09-05 16:17:20,889 INFO [http-nio-8080-exec-9] c.n.c.a.ServiceLogAspect [ServiceLogAspect.java:40] 用户[0:0:0:0:0:0:0:1],在[2021-09-05 16:17:20],访问了[com.nowcoder.community.service.UserService.findUserById].
2021-09-05 16:17:20,893 INFO [http-nio-8080-exec-9] c.n.c.a.ServiceLogAspect [ServiceLogAspect.java:40] 用户[0:0:0:0:0:0:0:1],在[2021-09-05 16:17:20],访问了[com.nowcoder.community.service.UserService.findLoginTicket].
2021-09-05 16:17:20,894 INFO [http-nio-8080-exec-9] c.n.c.a.ServiceLogAspect [ServiceLogAspect.java:40] 用户[0:0:0:0:0:0:0:1],在[2021-09-05 16:17:20],访问了[com.nowcoder.community.service.UserService.findUserById].
2021-09-05 16:17:20,932 INFO [http-nio-8080-exec-5] c.n.c.a.ServiceLogAspect [ServiceLogAspect.java:40] 用户[0:0:0:0:0:0:0:1],在[2021-09-05 16:17:20],访问了[com.nowcoder.community.service.UserService.findLoginTicket].
2021-09-05 16:17:20,933 INFO [http-nio-8080-exec-5] c.n.c.a.ServiceLogAspect [ServiceLogAspect.java:40] 用户[0:0:0:0:0:0:0:1],在[2021-09-05 16:17:20],访问了[com.nowcoder.community.service.UserService.findUserById].
2021-09-05 16:17:24,593 INFO [http-nio-8080-exec-2] c.n.c.a.ServiceLogAspect [ServiceLogAspect.java:40] 用户[0:0:0:0:0:0:0:1],在[2021-09-05 16:17:24],访问了[com.nowcoder.community.service.UserService.findLoginTicket].
2021-09-05 16:17:24,594 INFO [http-nio-8080-exec-2] c.n.c.a.ServiceLogAspect [ServiceLogAspect.java:40] 用户[0:0:0:0:0:0:0:1],在[2021-09-05 16:17:24],访问了[com.nowcoder.community.service.UserService.findUserById].
2021-09-05 16:17:24,597 INFO [http-nio-8080-exec-2] c.n.c.a.ServiceLogAspect [ServiceLogAspect.java:40] 用户[0:0:0:0:0:0:0:1],在[2021-09-05 16:17:24],访问了[com.nowcoder.community.service.UserService.findLoginTicket].
2021-09-05 16:17:24,598 INFO [http-nio-8080-exec-2] c.n.c.a.ServiceLogAspect [ServiceLogAspect.java:40] 用户[0:0:0:0:0:0:0:1],在[2021-09-05 16:17:24],访问了[com.nowcoder.community.service.UserService.findUserById].
2021-09-05 16:17:24,639 INFO [http-nio-8080-exec-3] c.n.c.a.ServiceLogAspect [ServiceLogAspect.java:40] 用户[0:0:0:0:0:0:0:1],在[2021-09-05 16:17:24],访问了[com.nowcoder.community.service.UserService.findLoginTicket].
2021-09-05 16:17:24,640 INFO [http-nio-8080-exec-3] c.n.c.a.ServiceLogAspect [ServiceLogAspect.java:40] 用户[0:0:0:0:0:0:0:1],在[2021-09-05 16:17:24],访问了[com.nowcoder.community.service.UserService.findUserById].
2021-09-05 16:17:31,255 INFO [http-nio-8080-exec-6] c.n.c.a.ServiceLogAspect [ServiceLogAspect.java:40] 用户[0:0:0:0:0:0:0:1],在[2021-09-05 16:17:31],访问了[com.nowcoder.community.service.UserService.findLoginTicket].
2021-09-05 16:17:31,256 INFO [http-nio-8080-exec-6] c.n.c.a.ServiceLogAspect [ServiceLogAspect.java:40] 用户[0:0:0:0:0:0:0:1],在[2021-09-05 16:17:31],访问了[com.nowcoder.community.service.UserService.findUserById].
2021-09-05 16:17:31,257 INFO [http-nio-8080-exec-6] c.n.c.a.ServiceLogAspect [ServiceLogAspect.java:40] 用户[0:0:0:0:0:0:0:1],在[2021-09-05 16:17:31],访问了[com.nowcoder.community.service.DiscussPostService.findDiscussPostRows].
2021-09-05 16:17:31,259 INFO [http-nio-8080-exec-6] c.n.c.a.ServiceLogAspect [ServiceLogAspect.java:40] 用户[0:0:0:0:0:0:0:1],在[2021-09-05 16:17:31],访问了[com.nowcoder.community.service.DiscussPostService.findDiscussPosts].
2021-09-05 16:17:31,262 INFO [http-nio-8080-exec-6] c.n.c.a.ServiceLogAspect [ServiceLogAspect.java:40] 用户[0:0:0:0:0:0:0:1],在[2021-09-05 16:17:31],访问了[com.nowcoder.community.service.UserService.findUserById].
2021-09-05 16:17:31,263 INFO [http-nio-8080-exec-6] c.n.c.a.ServiceLogAspect [ServiceLogAspect.java:40] 用户[0:0:0:0:0:0:0:1],在[2021-09-05 16:17:31],访问了[com.nowcoder.community.service.LikeService.findEntityLikeCount].
2021-09-05 16:17:31,264 INFO [http-nio-8080-exec-6] c.n.c.a.ServiceLogAspect [ServiceLogAspect.java:40] 用户[0:0:0:0:0:0:0:1],在[2021-09-05 16:17:31],访问了[com.nowcoder.community.service.UserService.findUserById].
2021-09-05 16:17:31,265 INFO [http-nio-8080-exec-6] c.n.c.a.ServiceLogAspect [ServiceLogAspect.java:40] 用户[0:0:0:0:0:0:0:1],在[2021-09-05 16:17:31],访问了[com.nowcoder.community.service.LikeService.findEntityLikeCount].
2021-09-05 16:17:31,265 INFO [http-nio-8080-exec-6] c.n.c.a.ServiceLogAspect [ServiceLogAspect.java:40] 用户[0:0:0:0:0:0:0:1],在[2021-09-05 16:17:31],访问了[com.nowcoder.community.service.UserService.findUserById].
2021-09-05 16:17:31,266 INFO [http-nio-8080-exec-6] c.n.c.a.ServiceLogAspect [ServiceLogAspect.java:40] 用户[0:0:0:0:0:0:0:1],在[2021-09-05 16:17:31],访问了[com.nowcoder.community.service.LikeService.findEntityLikeCount].
2021-09-05 16:17:31,266 INFO [http-nio-8080-exec-6] c.n.c.a.ServiceLogAspect [ServiceLogAspect.java:40] 用户[0:0:0:0:0:0:0:1],在[2021-09-05 16:17:31],访问了[com.nowcoder.community.service.UserService.findUserById].
2021-09-05 16:17:31,266 INFO [http-nio-8080-exec-6] c.n.c.a.ServiceLogAspect [ServiceLogAspect.java:40] 用户[0:0:0:0:0:0:0:1],在[2021-09-05 16:17:31],访问了[com.nowcoder.community.service.LikeService.findEntityLikeCount].
2021-09-05 16:17:31,267 INFO [http-nio-8080-exec-6] c.n.c.a.ServiceLogAspect [ServiceLogAspect.java:40] 用户[0:0:0:0:0:0:0:1],在[2021-09-05 16:17:31],访问了[com.nowcoder.community.service.UserService.findUserById].
2021-09-05 16:17:31,267 INFO [http-nio-8080-exec-6] c.n.c.a.ServiceLogAspect [ServiceLogAspect.java:40] 用户[0:0:0:0:0:0:0:1],在[2021-09-05 16:17:31],访问了[com.nowcoder.community.service.LikeService.findEntityLikeCount].
2021-09-05 16:17:31,268 INFO [http-nio-8080-exec-6] c.n.c.a.ServiceLogAspect [ServiceLogAspect.java:40] 用户[0:0:0:0:0:0:0:1],在[2021-09-05 16:17:31],访问了[com.nowcoder.community.service.UserService.findUserById].
2021-09-05 16:17:31,269 INFO [http-nio-8080-exec-6] c.n.c.a.ServiceLogAspect [ServiceLogAspect.java:40] 用户[0:0:0:0:0:0:0:1],在[2021-09-05 16:17:31],访问了[com.nowcoder.community.service.LikeService.findEntityLikeCount].
2021-09-05 16:17:31,269 INFO [http-nio-8080-exec-6] c.n.c.a.ServiceLogAspect [ServiceLogAspect.java:40] 用户[0:0:0:0:0:0:0:1],在[2021-09-05 16:17:31],访问了[com.nowcoder.community.service.UserService.findUserById].
2021-09-05 16:17:31,270 INFO [http-nio-8080-exec-6] c.n.c.a.ServiceLogAspect [ServiceLogAspect.java:40] 用户[0:0:0:0:0:0:0:1],在[2021-09-05 16:17:31],访问了[com.nowcoder.community.service.LikeService.findEntityLikeCount].
2021-09-05 16:17:31,270 INFO [http-nio-8080-exec-6] c.n.c.a.ServiceLogAspect [ServiceLogAspect.java:40] 用户[0:0:0:0:0:0:0:1],在[2021-09-05 16:17:31],访问了[com.nowcoder.community.service.UserService.findUserById].
2021-09-05 16:17:31,271 INFO [http-nio-8080-exec-6] c.n.c.a.ServiceLogAspect [ServiceLogAspect.java:40] 用户[0:0:0:0:0:0:0:1],在[2021-09-05 16:17:31],访问了[com.nowcoder.community.service.LikeService.findEntityLikeCount].
2021-09-05 16:17:31,272 INFO [http-nio-8080-exec-6] c.n.c.a.ServiceLogAspect [ServiceLogAspect.java:40] 用户[0:0:0:0:0:0:0:1],在[2021-09-05 16:17:31],访问了[com.nowcoder.community.service.UserService.findUserById].
2021-09-05 16:17:31,272 INFO [http-nio-8080-exec-6] c.n.c.a.ServiceLogAspect [ServiceLogAspect.java:40] 用户[0:0:0:0:0:0:0:1],在[2021-09-05 16:17:31],访问了[com.nowcoder.community.service.LikeService.findEntityLikeCount].
2021-09-05 16:17:31,273 INFO [http-nio-8080-exec-6] c.n.c.a.ServiceLogAspect [ServiceLogAspect.java:40] 用户[0:0:0:0:0:0:0:1],在[2021-09-05 16:17:31],访问了[com.nowcoder.community.service.UserService.findUserById].
2021-09-05 16:17:31,274 INFO [http-nio-8080-exec-6] c.n.c.a.ServiceLogAspect [ServiceLogAspect.java:40] 用户[0:0:0:0:0:0:0:1],在[2021-09-05 16:17:31],访问了[com.nowcoder.community.service.LikeService.findEntityLikeCount].
2021-09-05 16:17:34,692 INFO [http-nio-8080-exec-4] c.n.c.a.ServiceLogAspect [ServiceLogAspect.java:40] 用户[0:0:0:0:0:0:0:1],在[2021-09-05 16:17:34],访问了[com.nowcoder.community.service.UserService.findLoginTicket].
2021-09-05 16:17:34,693 INFO [http-nio-8080-exec-4] c.n.c.a.ServiceLogAspect [ServiceLogAspect.java:40] 用户[0:0:0:0:0:0:0:1],在[2021-09-05 16:17:34],访问了[com.nowcoder.community.service.UserService.findUserById].
2021-09-05 16:17:34,745 INFO [http-nio-8080-exec-6] c.n.c.a.ServiceLogAspect [ServiceLogAspect.java:40] 用户[0:0:0:0:0:0:0:1],在[2021-09-05 16:17:34],访问了[com.nowcoder.community.service.UserService.findLoginTicket].
2021-09-05 16:17:34,746 INFO [http-nio-8080-exec-6] c.n.c.a.ServiceLogAspect [ServiceLogAspect.java:40] 用户[0:0:0:0:0:0:0:1],在[2021-09-05 16:17:34],访问了[com.nowcoder.community.service.UserService.findUserById].
2021-09-05 16:17:35,003 INFO [http-nio-8080-exec-10] c.n.c.a.ServiceLogAspect [ServiceLogAspect.java:40] 用户[0:0:0:0:0:0:0:1],在[2021-09-05 16:17:35],访问了[com.nowcoder.community.service.UserService.findLoginTicket].
2021-09-05 16:17:35,004 INFO [http-nio-8080-exec-10] c.n.c.a.ServiceLogAspect [ServiceLogAspect.java:40] 用户[0:0:0:0:0:0:0:1],在[2021-09-05 16:17:35],访问了[com.nowcoder.community.service.UserService.findUserById].
2021-09-05 16:17:36,720 INFO [http-nio-8080-exec-2] c.n.c.a.ServiceLogAspect [ServiceLogAspect.java:40] 用户[0:0:0:0:0:0:0:1],在[2021-09-05 16:17:36],访问了[com.nowcoder.community.service.UserService.findLoginTicket].
2021-09-05 16:17:36,721 INFO [http-nio-8080-exec-2] c.n.c.a.ServiceLogAspect [ServiceLogAspect.java:40] 用户[0:0:0:0:0:0:0:1],在[2021-09-05 16:17:36],访问了[com.nowcoder.community.service.UserService.findUserById].
2021-09-05 16:17:36,722 INFO [http-nio-8080-exec-2] c.n.c.a.ServiceLogAspect [ServiceLogAspect.java:40] 用户[0:0:0:0:0:0:0:1],在[2021-09-05 16:17:36],访问了[com.nowcoder.community.service.UserService.findUserById].
2021-09-05 16:17:36,724 INFO [http-nio-8080-exec-2] c.n.c.a.ServiceLogAspect [ServiceLogAspect.java:40] 用户[0:0:0:0:0:0:0:1],在[2021-09-05 16:17:36],访问了[com.nowcoder.community.service.LikeService.findUserLikeCount].
2021-09-05 16:17:36,725 INFO [http-nio-8080-exec-2] c.n.c.a.ServiceLogAspect [ServiceLogAspect.java:40] 用户[0:0:0:0:0:0:0:1],在[2021-09-05 16:17:36],访问了[com.nowcoder.community.service.FollowService.findFolloweeCount].
2021-09-05 16:17:36,725 INFO [http-nio-8080-exec-2] c.n.c.a.ServiceLogAspect [ServiceLogAspect.java:40] 用户[0:0:0:0:0:0:0:1],在[2021-09-05 16:17:36],访问了[com.nowcoder.community.service.FollowService.findFollowerCount].
2021-09-05 16:17:36,726 INFO [http-nio-8080-exec-2] c.n.c.a.ServiceLogAspect [ServiceLogAspect.java:40] 用户[0:0:0:0:0:0:0:1],在[2021-09-05 16:17:36],访问了[com.nowcoder.community.service.FollowService.hasFollowed].
2021-09-05 16:18:03,971 INFO [http-nio-8080-exec-5] c.n.c.a.ServiceLogAspect [ServiceLogAspect.java:40] 用户[0:0:0:0:0:0:0:1],在[2021-09-05 16:18:03],访问了[com.nowcoder.community.service.UserService.findLoginTicket].
2021-09-05 16:18:03,972 INFO [http-nio-8080-exec-5] c.n.c.a.ServiceLogAspect [ServiceLogAspect.java:40] 用户[0:0:0:0:0:0:0:1],在[2021-09-05 16:18:03],访问了[com.nowcoder.community.service.UserService.findUserById].
2021-09-05 16:18:03,973 INFO [http-nio-8080-exec-5] c.n.c.a.ServiceLogAspect [ServiceLogAspect.java:40] 用户[0:0:0:0:0:0:0:1],在[2021-09-05 16:18:03],访问了[com.nowcoder.community.service.DiscussPostService.findDiscussPostRows].
2021-09-05 16:18:03,975 INFO [http-nio-8080-exec-5] c.n.c.a.ServiceLogAspect [ServiceLogAspect.java:40] 用户[0:0:0:0:0:0:0:1],在[2021-09-05 16:18:03],访问了[com.nowcoder.community.service.DiscussPostService.findDiscussPosts].
2021-09-05 16:18:03,977 INFO [http-nio-8080-exec-5] c.n.c.a.ServiceLogAspect [ServiceLogAspect.java:40] 用户[0:0:0:0:0:0:0:1],在[2021-09-05 16:18:03],访问了[com.nowcoder.community.service.UserService.findUserById].
2021-09-05 16:18:03,979 INFO [http-nio-8080-exec-5] c.n.c.a.ServiceLogAspect [ServiceLogAspect.java:40] 用户[0:0:0:0:0:0:0:1],在[2021-09-05 16:18:03],访问了[com.nowcoder.community.service.LikeService.findEntityLikeCount].
2021-09-05 16:18:03,980 INFO [http-nio-8080-exec-5] c.n.c.a.ServiceLogAspect [ServiceLogAspect.java:40] 用户[0:0:0:0:0:0:0:1],在[2021-09-05 16:18:03],访问了[com.nowcoder.community.service.UserService.findUserById].
2021-09-05 16:18:03,981 INFO [http-nio-8080-exec-5] c.n.c.a.ServiceLogAspect [ServiceLogAspect.java:40] 用户[0:0:0:0:0:0:0:1],在[2021-09-05 16:18:03],访问了[com.nowcoder.community.service.LikeService.findEntityLikeCount].
2021-09-05 16:18:03,981 INFO [http-nio-8080-exec-5] c.n.c.a.ServiceLogAspect [ServiceLogAspect.java:40] 用户[0:0:0:0:0:0:0:1],在[2021-09-05 16:18:03],访问了[com.nowcoder.community.service.UserService.findUserById].
2021-09-05 16:18:03,982 INFO [http-nio-8080-exec-5] c.n.c.a.ServiceLogAspect [ServiceLogAspect.java:40] 用户[0:0:0:0:0:0:0:1],在[2021-09-05 16:18:03],访问了[com.nowcoder.community.service.LikeService.findEntityLikeCount].
2021-09-05 16:18:03,983 INFO [http-nio-8080-exec-5] c.n.c.a.ServiceLogAspect [ServiceLogAspect.java:40] 用户[0:0:0:0:0:0:0:1],在[2021-09-05 16:18:03],访问了[com.nowcoder.community.service.UserService.findUserById].
2021-09-05 16:18:03,983 INFO [http-nio-8080-exec-5] c.n.c.a.ServiceLogAspect [ServiceLogAspect.java:40] 用户[0:0:0:0:0:0:0:1],在[2021-09-05 16:18:03],访问了[com.nowcoder.community.service.LikeService.findEntityLikeCount].
2021-09-05 16:18:03,984 INFO [http-nio-8080-exec-5] c.n.c.a.ServiceLogAspect [ServiceLogAspect.java:40] 用户[0:0:0:0:0:0:0:1],在[2021-09-05 16:18:03],访问了[com.nowcoder.community.service.UserService.findUserById].
2021-09-05 16:18:03,985 INFO [http-nio-8080-exec-5] c.n.c.a.ServiceLogAspect [ServiceLogAspect.java:40] 用户[0:0:0:0:0:0:0:1],在[2021-09-05 16:18:03],访问了[com.nowcoder.community.service.LikeService.findEntityLikeCount].
2021-09-05 16:18:03,985 INFO [http-nio-8080-exec-5] c.n.c.a.ServiceLogAspect [ServiceLogAspect.java:40] 用户[0:0:0:0:0:0:0:1],在[2021-09-05 16:18:03],访问了[com.nowcoder.community.service.UserService.findUserById].
2021-09-05 16:18:03,986 INFO [http-nio-8080-exec-5] c.n.c.a.ServiceLogAspect [ServiceLogAspect.java:40] 用户[0:0:0:0:0:0:0:1],在[2021-09-05 16:18:03],访问了[com.nowcoder.community.service.LikeService.findEntityLikeCount].
2021-09-05 16:18:03,986 INFO [http-nio-8080-exec-5] c.n.c.a.ServiceLogAspect [ServiceLogAspect.java:40] 用户[0:0:0:0:0:0:0:1],在[2021-09-05 16:18:03],访问了[com.nowcoder.community.service.UserService.findUserById].
2021-09-05 16:18:03,987 INFO [http-nio-8080-exec-5] c.n.c.a.ServiceLogAspect [ServiceLogAspect.java:40] 用户[0:0:0:0:0:0:0:1],在[2021-09-05 16:18:03],访问了[com.nowcoder.community.service.LikeService.findEntityLikeCount].
2021-09-05 16:18:03,987 INFO [http-nio-8080-exec-5] c.n.c.a.ServiceLogAspect [ServiceLogAspect.java:40] 用户[0:0:0:0:0:0:0:1],在[2021-09-05 16:18:03],访问了[com.nowcoder.community.service.UserService.findUserById].
2021-09-05 16:18:03,988 INFO [http-nio-8080-exec-5] c.n.c.a.ServiceLogAspect [ServiceLogAspect.java:40] 用户[0:0:0:0:0:0:0:1],在[2021-09-05 16:18:03],访问了[com.nowcoder.community.service.LikeService.findEntityLikeCount].
2021-09-05 16:18:03,988 INFO [http-nio-8080-exec-5] c.n.c.a.ServiceLogAspect [ServiceLogAspect.java:40] 用户[0:0:0:0:0:0:0:1],在[2021-09-05 16:18:03],访问了[com.nowcoder.community.service.UserService.findUserById].
2021-09-05 16:18:03,989 INFO [http-nio-8080-exec-5] c.n.c.a.ServiceLogAspect [ServiceLogAspect.java:40] 用户[0:0:0:0:0:0:0:1],在[2021-09-05 16:18:03],访问了[com.nowcoder.community.service.LikeService.findEntityLikeCount].
2021-09-05 16:18:03,990 INFO [http-nio-8080-exec-5] c.n.c.a.ServiceLogAspect [ServiceLogAspect.java:40] 用户[0:0:0:0:0:0:0:1],在[2021-09-05 16:18:03],访问了[com.nowcoder.community.service.UserService.findUserById].
2021-09-05 16:18:03,990 INFO [http-nio-8080-exec-5] c.n.c.a.ServiceLogAspect [ServiceLogAspect.java:40] 用户[0:0:0:0:0:0:0:1],在[2021-09-05 16:18:03],访问了[com.nowcoder.community.service.LikeService.findEntityLikeCount].
2021-09-05 16:18:04,786 INFO [http-nio-8080-exec-1] c.n.c.a.ServiceLogAspect [ServiceLogAspect.java:40] 用户[0:0:0:0:0:0:0:1],在[2021-09-05 16:18:04],访问了[com.nowcoder.community.service.UserService.findLoginTicket].
2021-09-05 16:18:04,788 INFO [http-nio-8080-exec-1] c.n.c.a.ServiceLogAspect [ServiceLogAspect.java:40] 用户[0:0:0:0:0:0:0:1],在[2021-09-05 16:18:04],访问了[com.nowcoder.community.service.UserService.findUserById].
2021-09-05 16:18:04,789 INFO [http-nio-8080-exec-1] c.n.c.a.ServiceLogAspect [ServiceLogAspect.java:40] 用户[0:0:0:0:0:0:0:1],在[2021-09-05 16:18:04],访问了[com.nowcoder.community.service.UserService.findUserById].
2021-09-05 16:18:04,790 INFO [http-nio-8080-exec-1] c.n.c.a.ServiceLogAspect [ServiceLogAspect.java:40] 用户[0:0:0:0:0:0:0:1],在[2021-09-05 16:18:04],访问了[com.nowcoder.community.service.LikeService.findUserLikeCount].
2021-09-05 16:18:04,791 INFO [http-nio-8080-exec-1] c.n.c.a.ServiceLogAspect [ServiceLogAspect.java:40] 用户[0:0:0:0:0:0:0:1],在[2021-09-05 16:18:04],访问了[com.nowcoder.community.service.FollowService.findFolloweeCount].
2021-09-05 16:18:04,791 INFO [http-nio-8080-exec-1] c.n.c.a.ServiceLogAspect [ServiceLogAspect.java:40] 用户[0:0:0:0:0:0:0:1],在[2021-09-05 16:18:04],访问了[com.nowcoder.community.service.FollowService.findFollowerCount].
2021-09-05 16:18:04,792 INFO [http-nio-8080-exec-1] c.n.c.a.ServiceLogAspect [ServiceLogAspect.java:40] 用户[0:0:0:0:0:0:0:1],在[2021-09-05 16:18:04],访问了[com.nowcoder.community.service.FollowService.hasFollowed].
2021-09-05 16:18:07,497 INFO [http-nio-8080-exec-5] c.n.c.a.ServiceLogAspect [ServiceLogAspect.java:40] 用户[0:0:0:0:0:0:0:1],在[2021-09-05 16:18:07],访问了[com.nowcoder.community.service.UserService.findLoginTicket].
2021-09-05 16:18:07,498 INFO [http-nio-8080-exec-5] c.n.c.a.ServiceLogAspect [ServiceLogAspect.java:40] 用户[0:0:0:0:0:0:0:1],在[2021-09-05 16:18:07],访问了[com.nowcoder.community.service.UserService.findUserById].
2021-09-05 16:18:07,502 INFO [http-nio-8080-exec-5] c.n.c.a.ServiceLogAspect [ServiceLogAspect.java:40] 用户[0:0:0:0:0:0:0:1],在[2021-09-05 16:18:07],访问了[com.nowcoder.community.service.UserService.findLoginTicket].
2021-09-05 16:18:07,502 INFO [http-nio-8080-exec-5] c.n.c.a.ServiceLogAspect [ServiceLogAspect.java:40] 用户[0:0:0:0:0:0:0:1],在[2021-09-05 16:18:07],访问了[com.nowcoder.community.service.UserService.findUserById].
2021-09-05 16:18:07,550 INFO [http-nio-8080-exec-2] c.n.c.a.ServiceLogAspect [ServiceLogAspect.java:40] 用户[0:0:0:0:0:0:0:1],在[2021-09-05 16:18:07],访问了[com.nowcoder.community.service.UserService.findLoginTicket].
2021-09-05 16:18:07,551 INFO [http-nio-8080-exec-2] c.n.c.a.ServiceLogAspect [ServiceLogAspect.java:40] 用户[0:0:0:0:0:0:0:1],在[2021-09-05 16:18:07],访问了[com.nowcoder.community.service.UserService.findUserById].
2021-09-05 16:18:27,450 INFO [http-nio-8080-exec-7] c.n.c.a.ServiceLogAspect [ServiceLogAspect.java:40] 用户[0:0:0:0:0:0:0:1],在[2021-09-05 16:18:27],访问了[com.nowcoder.community.service.UserService.findLoginTicket].
2021-09-05 16:18:27,451 INFO [http-nio-8080-exec-7] c.n.c.a.ServiceLogAspect [ServiceLogAspect.java:40] 用户[0:0:0:0:0:0:0:1],在[2021-09-05 16:18:27],访问了[com.nowcoder.community.service.UserService.findUserById].
2021-09-05 16:18:27,452 INFO [http-nio-8080-exec-7] c.n.c.a.ServiceLogAspect [ServiceLogAspect.java:40] 用户[0:0:0:0:0:0:0:1],在[2021-09-05 16:18:27],访问了[com.nowcoder.community.service.DiscussPostService.findDiscussPostRows].
2021-09-05 16:18:27,454 INFO [http-nio-8080-exec-7] c.n.c.a.ServiceLogAspect [ServiceLogAspect.java:40] 用户[0:0:0:0:0:0:0:1],在[2021-09-05 16:18:27],访问了[com.nowcoder.community.service.DiscussPostService.findDiscussPosts].
2021-09-05 16:18:27,459 INFO [http-nio-8080-exec-7] c.n.c.a.ServiceLogAspect [ServiceLogAspect.java:40] 用户[0:0:0:0:0:0:0:1],在[2021-09-05 16:18:27],访问了[com.nowcoder.community.service.UserService.findUserById].
2021-09-05 16:18:27,459 INFO [http-nio-8080-exec-7] c.n.c.a.ServiceLogAspect [ServiceLogAspect.java:40] 用户[0:0:0:0:0:0:0:1],在[2021-09-05 16:18:27],访问了[com.nowcoder.community.service.LikeService.findEntityLikeCount].
2021-09-05 16:18:27,460 INFO [http-nio-8080-exec-7] c.n.c.a.ServiceLogAspect [ServiceLogAspect.java:40] 用户[0:0:0:0:0:0:0:1],在[2021-09-05 16:18:27],访问了[com.nowcoder.community.service.UserService.findUserById].
2021-09-05 16:18:27,461 INFO [http-nio-8080-exec-7] c.n.c.a.ServiceLogAspect [ServiceLogAspect.java:40] 用户[0:0:0:0:0:0:0:1],在[2021-09-05 16:18:27],访问了[com.nowcoder.community.service.LikeService.findEntityLikeCount].
2021-09-05 16:18:27,461 INFO [http-nio-8080-exec-7] c.n.c.a.ServiceLogAspect [ServiceLogAspect.java:40] 用户[0:0:0:0:0:0:0:1],在[2021-09-05 16:18:27],访问了[com.nowcoder.community.service.UserService.findUserById].
2021-09-05 16:18:27,462 INFO [http-nio-8080-exec-7] c.n.c.a.ServiceLogAspect [ServiceLogAspect.java:40] 用户[0:0:0:0:0:0:0:1],在[2021-09-05 16:18:27],访问了[com.nowcoder.community.service.LikeService.findEntityLikeCount].
2021-09-05 16:18:27,463 INFO [http-nio-8080-exec-7] c.n.c.a.ServiceLogAspect [ServiceLogAspect.java:40] 用户[0:0:0:0:0:0:0:1],在[2021-09-05 16:18:27],访问了[com.nowcoder.community.service.UserService.findUserById].
2021-09-05 16:18:27,464 INFO [http-nio-8080-exec-7] c.n.c.a.ServiceLogAspect [ServiceLogAspect.java:40] 用户[0:0:0:0:0:0:0:1],在[2021-09-05 16:18:27],访问了[com.nowcoder.community.service.LikeService.findEntityLikeCount].
2021-09-05 16:18:27,464 INFO [http-nio-8080-exec-7] c.n.c.a.ServiceLogAspect [ServiceLogAspect.java:40] 用户[0:0:0:0:0:0:0:1],在[2021-09-05 16:18:27],访问了[com.nowcoder.community.service.UserService.findUserById].
2021-09-05 16:18:27,465 INFO [http-nio-8080-exec-7] c.n.c.a.ServiceLogAspect [ServiceLogAspect.java:40] 用户[0:0:0:0:0:0:0:1],在[2021-09-05 16:18:27],访问了[com.nowcoder.community.service.LikeService.findEntityLikeCount].
2021-09-05 16:18:27,466 INFO [http-nio-8080-exec-7] c.n.c.a.ServiceLogAspect [ServiceLogAspect.java:40] 用户[0:0:0:0:0:0:0:1],在[2021-09-05 16:18:27],访问了[com.nowcoder.community.service.UserService.findUserById].
2021-09-05 16:18:27,467 INFO [http-nio-8080-exec-7] c.n.c.a.ServiceLogAspect [ServiceLogAspect.java:40] 用户[0:0:0:0:0:0:0:1],在[2021-09-05 16:18:27],访问了[com.nowcoder.community.service.LikeService.findEntityLikeCount].
2021-09-05 16:18:27,468 INFO [http-nio-8080-exec-7] c.n.c.a.ServiceLogAspect [ServiceLogAspect.java:40] 用户[0:0:0:0:0:0:0:1],在[2021-09-05 16:18:27],访问了[com.nowcoder.community.service.UserService.findUserById].
2021-09-05 16:18:27,469 INFO [http-nio-8080-exec-7] c.n.c.a.ServiceLogAspect [ServiceLogAspect.java:40] 用户[0:0:0:0:0:0:0:1],在[2021-09-05 16:18:27],访问了[com.nowcoder.community.service.LikeService.findEntityLikeCount].
2021-09-05 16:18:27,469 INFO [http-nio-8080-exec-7] c.n.c.a.ServiceLogAspect [ServiceLogAspect.java:40] 用户[0:0:0:0:0:0:0:1],在[2021-09-05 16:18:27],访问了[com.nowcoder.community.service.UserService.findUserById].
2021-09-05 16:18:27,470 INFO [http-nio-8080-exec-7] c.n.c.a.ServiceLogAspect [ServiceLogAspect.java:40] 用户[0:0:0:0:0:0:0:1],在[2021-09-05 16:18:27],访问了[com.nowcoder.community.service.LikeService.findEntityLikeCount].
2021-09-05 16:18:27,470 INFO [http-nio-8080-exec-7] c.n.c.a.ServiceLogAspect [ServiceLogAspect.java:40] 用户[0:0:0:0:0:0:0:1],在[2021-09-05 16:18:27],访问了[com.nowcoder.community.service.UserService.findUserById].
2021-09-05 16:18:27,471 INFO [http-nio-8080-exec-7] c.n.c.a.ServiceLogAspect [ServiceLogAspect.java:40] 用户[0:0:0:0:0:0:0:1],在[2021-09-05 16:18:27],访问了[com.nowcoder.community.service.LikeService.findEntityLikeCount].
2021-09-05 16:18:27,472 INFO [http-nio-8080-exec-7] c.n.c.a.ServiceLogAspect [ServiceLogAspect.java:40] 用户[0:0:0:0:0:0:0:1],在[2021-09-05 16:18:27],访问了[com.nowcoder.community.service.UserService.findUserById].
2021-09-05 16:18:27,472 INFO [http-nio-8080-exec-7] c.n.c.a.ServiceLogAspect [ServiceLogAspect.java:40] 用户[0:0:0:0:0:0:0:1],在[2021-09-05 16:18:27],访问了[com.nowcoder.community.service.LikeService.findEntityLikeCount].
2021-09-05 16:18:28,091 INFO [http-nio-8080-exec-10] c.n.c.a.ServiceLogAspect [ServiceLogAspect.java:40] 用户[0:0:0:0:0:0:0:1],在[2021-09-05 16:18:28],访问了[com.nowcoder.community.service.UserService.findLoginTicket].
2021-09-05 16:18:28,092 INFO [http-nio-8080-exec-10] c.n.c.a.ServiceLogAspect [ServiceLogAspect.java:40] 用户[0:0:0:0:0:0:0:1],在[2021-09-05 16:18:28],访问了[com.nowcoder.community.service.UserService.findUserById].
2021-09-05 16:18:28,093 INFO [http-nio-8080-exec-10] c.n.c.a.ServiceLogAspect [ServiceLogAspect.java:40] 用户[0:0:0:0:0:0:0:1],在[2021-09-05 16:18:28],访问了[com.nowcoder.community.service.MessageService.findConversationCount].
2021-09-05 16:18:28,105 INFO [http-nio-8080-exec-10] c.n.c.a.ServiceLogAspect [ServiceLogAspect.java:40] 用户[0:0:0:0:0:0:0:1],在[2021-09-05 16:18:28],访问了[com.nowcoder.community.service.MessageService.findConversations].
2021-09-05 16:18:28,108 INFO [http-nio-8080-exec-10] c.n.c.a.ServiceLogAspect [ServiceLogAspect.java:40] 用户[0:0:0:0:0:0:0:1],在[2021-09-05 16:18:28],访问了[com.nowcoder.community.service.MessageService.findLetterUnreadCount].
2021-09-05 16:18:28,110 INFO [http-nio-8080-exec-10] c.n.c.a.ServiceLogAspect [ServiceLogAspect.java:40] 用户[0:0:0:0:0:0:0:1],在[2021-09-05 16:18:28],访问了[com.nowcoder.community.service.MessageService.findNoticeUnreadCount].
2021-09-05 16:18:28,736 INFO [http-nio-8080-exec-3] c.n.c.a.ServiceLogAspect [ServiceLogAspect.java:40] 用户[0:0:0:0:0:0:0:1],在[2021-09-05 16:18:28],访问了[com.nowcoder.community.service.UserService.findLoginTicket].
2021-09-05 16:18:28,737 INFO [http-nio-8080-exec-3] c.n.c.a.ServiceLogAspect [ServiceLogAspect.java:40] 用户[0:0:0:0:0:0:0:1],在[2021-09-05 16:18:28],访问了[com.nowcoder.community.service.UserService.findUserById].
2021-09-05 16:18:28,738 INFO [http-nio-8080-exec-3] c.n.c.a.ServiceLogAspect [ServiceLogAspect.java:40] 用户[0:0:0:0:0:0:0:1],在[2021-09-05 16:18:28],访问了[com.nowcoder.community.service.MessageService.findLatestNotice].
2021-09-05 16:18:28,740 INFO [http-nio-8080-exec-3] c.n.c.a.ServiceLogAspect [ServiceLogAspect.java:40] 用户[0:0:0:0:0:0:0:1],在[2021-09-05 16:18:28],访问了[com.nowcoder.community.service.MessageService.findLatestNotice].
2021-09-05 16:18:28,742 INFO [http-nio-8080-exec-3] c.n.c.a.ServiceLogAspect [ServiceLogAspect.java:40] 用户[0:0:0:0:0:0:0:1],在[2021-09-05 16:18:28],访问了[com.nowcoder.community.service.MessageService.findLatestNotice].
2021-09-05 16:18:28,743 INFO [http-nio-8080-exec-3] c.n.c.a.ServiceLogAspect [ServiceLogAspect.java:40] 用户[0:0:0:0:0:0:0:1],在[2021-09-05 16:18:28],访问了[com.nowcoder.community.service.MessageService.findLetterUnreadCount].
2021-09-05 16:18:28,745 INFO [http-nio-8080-exec-3] c.n.c.a.ServiceLogAspect [ServiceLogAspect.java:40] 用户[0:0:0:0:0:0:0:1],在[2021-09-05 16:18:28],访问了[com.nowcoder.community.service.MessageService.findNoticeUnreadCount].
2021-09-05 16:18:29,630 INFO [http-nio-8080-exec-2] c.n.c.a.ServiceLogAspect [ServiceLogAspect.java:40] 用户[0:0:0:0:0:0:0:1],在[2021-09-05 16:18:29],访问了[com.nowcoder.community.service.UserService.findLoginTicket].
2021-09-05 16:18:29,632 INFO [http-nio-8080-exec-2] c.n.c.a.ServiceLogAspect [ServiceLogAspect.java:40] 用户[0:0:0:0:0:0:0:1],在[2021-09-05 16:18:29],访问了[com.nowcoder.community.service.UserService.findUserById].
2021-09-05 16:18:29,633 INFO [http-nio-8080-exec-2] c.n.c.a.ServiceLogAspect [ServiceLogAspect.java:40] 用户[0:0:0:0:0:0:0:1],在[2021-09-05 16:18:29],访问了[com.nowcoder.community.service.MessageService.findConversationCount].
2021-09-05 16:18:29,634 INFO [http-nio-8080-exec-2] c.n.c.a.ServiceLogAspect [ServiceLogAspect.java:40] 用户[0:0:0:0:0:0:0:1],在[2021-09-05 16:18:29],访问了[com.nowcoder.community.service.MessageService.findConversations].
2021-09-05 16:18:29,636 INFO [http-nio-8080-exec-2] c.n.c.a.ServiceLogAspect [ServiceLogAspect.java:40] 用户[0:0:0:0:0:0:0:1],在[2021-09-05 16:18:29],访问了[com.nowcoder.community.service.MessageService.findLetterUnreadCount].
2021-09-05 16:18:29,637 INFO [http-nio-8080-exec-2] c.n.c.a.ServiceLogAspect [ServiceLogAspect.java:40] 用户[0:0:0:0:0:0:0:1],在[2021-09-05 16:18:29],访问了[com.nowcoder.community.service.MessageService.findNoticeUnreadCount].
2021-09-05 16:18:30,490 INFO [http-nio-8080-exec-5] c.n.c.a.ServiceLogAspect [ServiceLogAspect.java:40] 用户[0:0:0:0:0:0:0:1],在[2021-09-05 16:18:30],访问了[com.nowcoder.community.service.UserService.findLoginTicket].
2021-09-05 16:18:30,491 INFO [http-nio-8080-exec-5] c.n.c.a.ServiceLogAspect [ServiceLogAspect.java:40] 用户[0:0:0:0:0:0:0:1],在[2021-09-05 16:18:30],访问了[com.nowcoder.community.service.UserService.findUserById].
2021-09-05 16:18:30,492 INFO [http-nio-8080-exec-5] c.n.c.a.ServiceLogAspect [ServiceLogAspect.java:40] 用户[0:0:0:0:0:0:0:1],在[2021-09-05 16:18:30],访问了[com.nowcoder.community.service.DiscussPostService.findDiscussPostRows].
2021-09-05 16:18:30,494 INFO [http-nio-8080-exec-5] c.n.c.a.ServiceLogAspect [ServiceLogAspect.java:40] 用户[0:0:0:0:0:0:0:1],在[2021-09-05 16:18:30],访问了[com.nowcoder.community.service.DiscussPostService.findDiscussPosts].
2021-09-05 16:18:30,497 INFO [http-nio-8080-exec-5] c.n.c.a.ServiceLogAspect [ServiceLogAspect.java:40] 用户[0:0:0:0:0:0:0:1],在[2021-09-05 16:18:30],访问了[com.nowcoder.community.service.UserService.findUserById].
2021-09-05 16:18:30,498 INFO [http-nio-8080-exec-5] c.n.c.a.ServiceLogAspect [ServiceLogAspect.java:40] 用户[0:0:0:0:0:0:0:1],在[2021-09-05 16:18:30],访问了[com.nowcoder.community.service.LikeService.findEntityLikeCount].
2021-09-05 16:18:30,499 INFO [http-nio-8080-exec-5] c.n.c.a.ServiceLogAspect [ServiceLogAspect.java:40] 用户[0:0:0:0:0:0:0:1],在[2021-09-05 16:18:30],访问了[com.nowcoder.community.service.UserService.findUserById].
2021-09-05 16:18:30,500 INFO [http-nio-8080-exec-5] c.n.c.a.ServiceLogAspect [ServiceLogAspect.java:40] 用户[0:0:0:0:0:0:0:1],在[2021-09-05 16:18:30],访问了[com.nowcoder.community.service.LikeService.findEntityLikeCount].
2021-09-05 16:18:30,501 INFO [http-nio-8080-exec-5] c.n.c.a.ServiceLogAspect [ServiceLogAspect.java:40] 用户[0:0:0:0:0:0:0:1],在[2021-09-05 16:18:30],访问了[com.nowcoder.community.service.UserService.findUserById].
2021-09-05 16:18:30,501 INFO [http-nio-8080-exec-5] c.n.c.a.ServiceLogAspect [ServiceLogAspect.java:40] 用户[0:0:0:0:0:0:0:1],在[2021-09-05 16:18:30],访问了[com.nowcoder.community.service.LikeService.findEntityLikeCount].
2021-09-05 16:18:30,502 INFO [http-nio-8080-exec-5] c.n.c.a.ServiceLogAspect [ServiceLogAspect.java:40] 用户[0:0:0:0:0:0:0:1],在[2021-09-05 16:18:30],访问了[com.nowcoder.community.service.UserService.findUserById].
2021-09-05 16:18:30,502 INFO [http-nio-8080-exec-5] c.n.c.a.ServiceLogAspect [ServiceLogAspect.java:40] 用户[0:0:0:0:0:0:0:1],在[2021-09-05 16:18:30],访问了[com.nowcoder.community.service.LikeService.findEntityLikeCount].
2021-09-05 16:18:30,503 INFO [http-nio-8080-exec-5] c.n.c.a.ServiceLogAspect [ServiceLogAspect.java:40] 用户[0:0:0:0:0:0:0:1],在[2021-09-05 16:18:30],访问了[com.nowcoder.community.service.UserService.findUserById].
2021-09-05 16:18:30,504 INFO [http-nio-8080-exec-5] c.n.c.a.ServiceLogAspect [ServiceLogAspect.java:40] 用户[0:0:0:0:0:0:0:1],在[2021-09-05 16:18:30],访问了[com.nowcoder.community.service.LikeService.findEntityLikeCount].
2021-09-05 16:18:30,504 INFO [http-nio-8080-exec-5] c.n.c.a.ServiceLogAspect [ServiceLogAspect.java:40] 用户[0:0:0:0:0:0:0:1],在[2021-09-05 16:18:30],访问了[com.nowcoder.community.service.UserService.findUserById].
2021-09-05 16:18:30,505 INFO [http-nio-8080-exec-5] c.n.c.a.ServiceLogAspect [ServiceLogAspect.java:40] 用户[0:0:0:0:0:0:0:1],在[2021-09-05 16:18:30],访问了[com.nowcoder.community.service.LikeService.findEntityLikeCount].
2021-09-05 16:18:30,505 INFO [http-nio-8080-exec-5] c.n.c.a.ServiceLogAspect [ServiceLogAspect.java:40] 用户[0:0:0:0:0:0:0:1],在[2021-09-05 16:18:30],访问了[com.nowcoder.community.service.UserService.findUserById].
2021-09-05 16:18:30,506 INFO [http-nio-8080-exec-5] c.n.c.a.ServiceLogAspect [ServiceLogAspect.java:40] 用户[0:0:0:0:0:0:0:1],在[2021-09-05 16:18:30],访问了[com.nowcoder.community.service.LikeService.findEntityLikeCount].
2021-09-05 16:18:30,507 INFO [http-nio-8080-exec-5] c.n.c.a.ServiceLogAspect [ServiceLogAspect.java:40] 用户[0:0:0:0:0:0:0:1],在[2021-09-05 16:18:30],访问了[com.nowcoder.community.service.UserService.findUserById].
2021-09-05 16:18:30,507 INFO [http-nio-8080-exec-5] c.n.c.a.ServiceLogAspect [ServiceLogAspect.java:40] 用户[0:0:0:0:0:0:0:1],在[2021-09-05 16:18:30],访问了[com.nowcoder.community.service.LikeService.findEntityLikeCount].
2021-09-05 16:18:30,508 INFO [http-nio-8080-exec-5] c.n.c.a.ServiceLogAspect [ServiceLogAspect.java:40] 用户[0:0:0:0:0:0:0:1],在[2021-09-05 16:18:30],访问了[com.nowcoder.community.service.UserService.findUserById].
2021-09-05 16:18:30,508 INFO [http-nio-8080-exec-5] c.n.c.a.ServiceLogAspect [ServiceLogAspect.java:40] 用户[0:0:0:0:0:0:0:1],在[2021-09-05 16:18:30],访问了[com.nowcoder.community.service.LikeService.findEntityLikeCount].
2021-09-05 16:18:30,509 INFO [http-nio-8080-exec-5] c.n.c.a.ServiceLogAspect [ServiceLogAspect.java:40] 用户[0:0:0:0:0:0:0:1],在[2021-09-05 16:18:30],访问了[com.nowcoder.community.service.UserService.findUserById].
2021-09-05 16:18:30,509 INFO [http-nio-8080-exec-5] c.n.c.a.ServiceLogAspect [ServiceLogAspect.java:40] 用户[0:0:0:0:0:0:0:1],在[2021-09-05 16:18:30],访问了[com.nowcoder.community.service.LikeService.findEntityLikeCount].
2021-09-05 16:19:31,028 INFO [http-nio-8080-exec-3] c.n.c.a.ServiceLogAspect [ServiceLogAspect.java:40] 用户[0:0:0:0:0:0:0:1],在[2021-09-05 16:19:31],访问了[com.nowcoder.community.service.UserService.findLoginTicket].
2021-09-05 16:19:31,029 INFO [http-nio-8080-exec-3] c.n.c.a.ServiceLogAspect [ServiceLogAspect.java:40] 用户[0:0:0:0:0:0:0:1],在[2021-09-05 16:19:31],访问了[com.nowcoder.community.service.UserService.findUserById].
2021-09-05 16:19:31,030 INFO [http-nio-8080-exec-3] c.n.c.a.ServiceLogAspect [ServiceLogAspect.java:40] 用户[0:0:0:0:0:0:0:1],在[2021-09-05 16:19:31],访问了[com.nowcoder.community.service.UserService.findUserById].
2021-09-05 16:19:31,031 INFO [http-nio-8080-exec-3] c.n.c.a.ServiceLogAspect [ServiceLogAspect.java:40] 用户[0:0:0:0:0:0:0:1],在[2021-09-05 16:19:31],访问了[com.nowcoder.community.service.LikeService.findUserLikeCount].
2021-09-05 16:19:31,031 INFO [http-nio-8080-exec-3] c.n.c.a.ServiceLogAspect [ServiceLogAspect.java:40] 用户[0:0:0:0:0:0:0:1],在[2021-09-05 16:19:31],访问了[com.nowcoder.community.service.FollowService.findFolloweeCount].
2021-09-05 16:19:31,033 INFO [http-nio-8080-exec-3] c.n.c.a.ServiceLogAspect [ServiceLogAspect.java:40] 用户[0:0:0:0:0:0:0:1],在[2021-09-05 16:19:31],访问了[com.nowcoder.community.service.FollowService.findFollowerCount].
2021-09-05 16:19:31,033 INFO [http-nio-8080-exec-3] c.n.c.a.ServiceLogAspect [ServiceLogAspect.java:40] 用户[0:0:0:0:0:0:0:1],在[2021-09-05 16:19:31],访问了[com.nowcoder.community.service.FollowService.hasFollowed].
2021-09-05 16:22:17,139 INFO [http-nio-8080-exec-1] c.n.c.a.ServiceLogAspect [ServiceLogAspect.java:40] 用户[0:0:0:0:0:0:0:1],在[2021-09-05 16:22:17],访问了[com.nowcoder.community.service.UserService.findLoginTicket].
2021-09-05 16:22:17,140 INFO [http-nio-8080-exec-1] c.n.c.a.ServiceLogAspect [ServiceLogAspect.java:40] 用户[0:0:0:0:0:0:0:1],在[2021-09-05 16:22:17],访问了[com.nowcoder.community.service.UserService.findUserById].
2021-09-05 16:22:17,141 INFO [http-nio-8080-exec-1] c.n.c.a.ServiceLogAspect [ServiceLogAspect.java:40] 用户[0:0:0:0:0:0:0:1],在[2021-09-05 16:22:17],访问了[com.nowcoder.community.service.LoginService.logout].
2021-09-05 16:22:17,146 INFO [http-nio-8080-exec-9] c.n.c.a.ServiceLogAspect [ServiceLogAspect.java:40] 用户[0:0:0:0:0:0:0:1],在[2021-09-05 16:22:17],访问了[com.nowcoder.community.service.UserService.findLoginTicket].
2021-09-05 16:22:17,197 INFO [http-nio-8080-exec-5] c.n.c.a.ServiceLogAspect [ServiceLogAspect.java:40] 用户[0:0:0:0:0:0:0:1],在[2021-09-05 16:22:17],访问了[com.nowcoder.community.service.UserService.findLoginTicket].
