2021-08-18 18:10:13,687 INFO [main] c.n.c.MailTest [StartupInfoLogger.java:55] Starting MailTest using Java 11.0.11 on DESKTOP-MDABFMA with PID 6420 (started by user in G:\idea java\StudyJavaWeb\demo\community)
2021-08-18 18:10:13,701 INFO [main] c.n.c.MailTest [SpringApplication.java:664] No active profile set, falling back to default profiles: default
2021-08-18 18:10:16,309 INFO [main] o.s.b.a.w.s.WelcomePageHandlerMapping [WelcomePageHandlerMapping.java:57] Adding welcome page template: index
2021-08-18 18:10:16,748 INFO [main] c.n.c.MailTest [StartupInfoLogger.java:61] Started MailTest in 3.796 seconds (JVM running for 5.584)
2021-08-18 18:10:49,694 INFO [main] c.n.c.MapperTest [StartupInfoLogger.java:55] Starting MapperTest using Java 11.0.11 on DESKTOP-MDABFMA with PID 6828 (started by user in G:\idea java\StudyJavaWeb\demo\community)
2021-08-18 18:10:49,700 INFO [main] c.n.c.MapperTest [SpringApplication.java:664] No active profile set, falling back to default profiles: default
2021-08-18 18:10:51,700 INFO [main] o.s.b.a.w.s.WelcomePageHandlerMapping [WelcomePageHandlerMapping.java:57] Adding welcome page template: index
2021-08-18 18:10:52,112 INFO [main] c.n.c.MapperTest [StartupInfoLogger.java:61] Started MapperTest in 2.973 seconds (JVM running for 4.243)
2021-08-18 18:10:52,992 INFO [main] c.z.h.HikariDataSource [HikariDataSource.java:110] HikariPool-1 - Starting...
2021-08-18 18:10:53,385 INFO [main] c.z.h.HikariDataSource [HikariDataSource.java:123] HikariPool-1 - Start completed.
2021-08-18 18:10:53,586 INFO [SpringContextShutdownHook] c.z.h.HikariDataSource [HikariDataSource.java:350] HikariPool-1 - Shutdown initiated...
2021-08-18 18:10:53,647 INFO [SpringContextShutdownHook] c.z.h.HikariDataSource [HikariDataSource.java:352] HikariPool-1 - Shutdown completed.
2021-08-18 18:11:00,934 INFO [main] c.n.c.MailTest [StartupInfoLogger.java:55] Starting MailTest using Java 11.0.11 on DESKTOP-MDABFMA with PID 3996 (started by user in G:\idea java\StudyJavaWeb\demo\community)
2021-08-18 18:11:00,938 INFO [main] c.n.c.MailTest [SpringApplication.java:664] No active profile set, falling back to default profiles: default
2021-08-18 18:11:02,898 INFO [main] o.s.b.a.w.s.WelcomePageHandlerMapping [WelcomePageHandlerMapping.java:57] Adding welcome page template: index
2021-08-18 18:11:03,324 INFO [main] c.n.c.MailTest [StartupInfoLogger.java:61] Started MailTest in 2.982 seconds (JVM running for 4.152)
2021-08-18 18:12:52,111 INFO [main] c.n.c.MailTest [StartupInfoLogger.java:55] Starting MailTest using Java 11.0.11 on DESKTOP-MDABFMA with PID 25176 (started by user in G:\idea java\StudyJavaWeb\demo\community)
2021-08-18 18:12:52,115 INFO [main] c.n.c.MailTest [SpringApplication.java:664] No active profile set, falling back to default profiles: default
2021-08-18 18:12:54,049 INFO [main] o.s.b.a.w.s.WelcomePageHandlerMapping [WelcomePageHandlerMapping.java:57] Adding welcome page template: index
2021-08-18 18:12:54,465 INFO [main] c.n.c.MailTest [StartupInfoLogger.java:61] Started MailTest in 2.957 seconds (JVM running for 4.084)
2021-08-18 18:15:32,525 INFO [main] c.n.c.MailTest [StartupInfoLogger.java:55] Starting MailTest using Java 11.0.11 on DESKTOP-MDABFMA with PID 22968 (started by user in G:\idea java\StudyJavaWeb\demo\community)
2021-08-18 18:15:32,530 INFO [main] c.n.c.MailTest [SpringApplication.java:664] No active profile set, falling back to default profiles: default
2021-08-18 18:15:34,576 INFO [main] o.s.b.a.w.s.WelcomePageHandlerMapping [WelcomePageHandlerMapping.java:57] Adding welcome page template: index
2021-08-18 18:15:34,961 INFO [main] c.n.c.MailTest [StartupInfoLogger.java:61] Started MailTest in 2.996 seconds (JVM running for 4.145)
2021-08-18 18:35:06,426 INFO [main] c.n.c.MailTest [StartupInfoLogger.java:55] Starting MailTest using Java 11.0.11 on DESKTOP-MDABFMA with PID 25928 (started by user in G:\idea java\StudyJavaWeb\demo\community)
2021-08-18 18:35:06,432 INFO [main] c.n.c.MailTest [SpringApplication.java:664] No active profile set, falling back to default profiles: default
2021-08-18 18:35:08,911 INFO [main] o.s.b.a.w.s.WelcomePageHandlerMapping [WelcomePageHandlerMapping.java:57] Adding welcome page template: index
2021-08-18 18:35:09,463 INFO [main] c.n.c.MailTest [StartupInfoLogger.java:61] Started MailTest in 3.709 seconds (JVM running for 5.177)
2021-08-18 18:42:08,566 INFO [restartedMain] c.n.c.CommunityApplication [StartupInfoLogger.java:55] Starting CommunityApplication using Java 11.0.11 on DESKTOP-MDABFMA with PID 23564 (G:\idea java\StudyJavaWeb\demo\community\target\classes started by user in G:\idea java\StudyJavaWeb\demo\community)
2021-08-18 18:42:08,570 INFO [restartedMain] c.n.c.CommunityApplication [SpringApplication.java:664] No active profile set, falling back to default profiles: default
2021-08-18 18:42:08,615 INFO [restartedMain] o.s.b.d.e.DevToolsPropertyDefaultsPostProcessor [DeferredLog.java:255] Devtools property defaults active! Set 'spring.devtools.add-properties' to 'false' to disable
2021-08-18 18:42:08,615 INFO [restartedMain] o.s.b.d.e.DevToolsPropertyDefaultsPostProcessor [DeferredLog.java:255] For additional web related logging consider setting the 'logging.level.web' property to 'DEBUG'
2021-08-18 18:42:10,196 INFO [restartedMain] o.s.b.w.e.t.TomcatWebServer [TomcatWebServer.java:108] Tomcat initialized with port(s): 8080 (http)
2021-08-18 18:42:10,207 INFO [restartedMain] o.a.c.h.Http11NioProtocol [DirectJDKLog.java:173] Initializing ProtocolHandler ["http-nio-8080"]
2021-08-18 18:42:10,207 INFO [restartedMain] o.a.c.c.StandardService [DirectJDKLog.java:173] Starting service [Tomcat]
2021-08-18 18:42:10,207 INFO [restartedMain] o.a.c.c.StandardEngine [DirectJDKLog.java:173] Starting Servlet engine: [Apache Tomcat/9.0.50]
2021-08-18 18:42:10,356 INFO [restartedMain] o.a.c.c.C.[.[.[/] [DirectJDKLog.java:173] Initializing Spring embedded WebApplicationContext
2021-08-18 18:42:10,356 INFO [restartedMain] o.s.b.w.s.c.ServletWebServerApplicationContext [ServletWebServerApplicationContext.java:289] Root WebApplicationContext: initialization completed in 1740 ms
2021-08-18 18:42:10,944 INFO [restartedMain] o.s.b.a.w.s.WelcomePageHandlerMapping [WelcomePageHandlerMapping.java:57] Adding welcome page template: index
2021-08-18 18:42:11,113 INFO [restartedMain] o.s.b.d.a.OptionalLiveReloadServer [OptionalLiveReloadServer.java:58] LiveReload server is running on port 35729
2021-08-18 18:42:11,131 INFO [restartedMain] o.a.c.h.Http11NioProtocol [DirectJDKLog.java:173] Starting ProtocolHandler ["http-nio-8080"]
2021-08-18 18:42:11,148 INFO [restartedMain] o.s.b.w.e.t.TomcatWebServer [TomcatWebServer.java:220] Tomcat started on port(s): 8080 (http) with context path ''
2021-08-18 18:42:11,161 INFO [restartedMain] c.n.c.CommunityApplication [StartupInfoLogger.java:61] Started CommunityApplication in 3.163 seconds (JVM running for 5.068)
2021-08-18 18:42:11,349 INFO [http-nio-8080-exec-1] o.a.c.c.C.[.[.[/] [DirectJDKLog.java:173] Initializing Spring DispatcherServlet 'dispatcherServlet'
2021-08-18 18:42:11,350 INFO [http-nio-8080-exec-1] o.s.w.s.DispatcherServlet [FrameworkServlet.java:525] Initializing Servlet 'dispatcherServlet'
2021-08-18 18:42:11,351 INFO [http-nio-8080-exec-1] o.s.w.s.DispatcherServlet [FrameworkServlet.java:547] Completed initialization in 0 ms
2021-08-18 18:42:11,437 INFO [http-nio-8080-exec-1] c.z.h.HikariDataSource [HikariDataSource.java:110] HikariPool-1 - Starting...
2021-08-18 18:42:11,585 INFO [http-nio-8080-exec-1] c.z.h.HikariDataSource [HikariDataSource.java:123] HikariPool-1 - Start completed.
2021-08-18 20:16:59,185 INFO [restartedMain] c.n.c.CommunityApplication [StartupInfoLogger.java:55] Starting CommunityApplication using Java 11.0.11 on DESKTOP-MDABFMA with PID 23836 (G:\idea java\StudyJavaWeb\demo\community\target\classes started by user in G:\idea java\StudyJavaWeb\demo\community)
2021-08-18 20:16:59,190 INFO [restartedMain] c.n.c.CommunityApplication [SpringApplication.java:664] No active profile set, falling back to default profiles: default
2021-08-18 20:16:59,260 INFO [restartedMain] o.s.b.d.e.DevToolsPropertyDefaultsPostProcessor [DeferredLog.java:255] Devtools property defaults active! Set 'spring.devtools.add-properties' to 'false' to disable
2021-08-18 20:16:59,261 INFO [restartedMain] o.s.b.d.e.DevToolsPropertyDefaultsPostProcessor [DeferredLog.java:255] For additional web related logging consider setting the 'logging.level.web' property to 'DEBUG'
2021-08-18 20:17:01,656 INFO [restartedMain] o.s.b.w.e.t.TomcatWebServer [TomcatWebServer.java:108] Tomcat initialized with port(s): 8080 (http)
2021-08-18 20:17:01,684 INFO [restartedMain] o.a.c.h.Http11NioProtocol [DirectJDKLog.java:173] Initializing ProtocolHandler ["http-nio-8080"]
2021-08-18 20:17:01,686 INFO [restartedMain] o.a.c.c.StandardService [DirectJDKLog.java:173] Starting service [Tomcat]
2021-08-18 20:17:01,688 INFO [restartedMain] o.a.c.c.StandardEngine [DirectJDKLog.java:173] Starting Servlet engine: [Apache Tomcat/9.0.50]
2021-08-18 20:17:01,944 INFO [restartedMain] o.a.c.c.C.[.[.[/community] [DirectJDKLog.java:173] Initializing Spring embedded WebApplicationContext
2021-08-18 20:17:01,945 INFO [restartedMain] o.s.b.w.s.c.ServletWebServerApplicationContext [ServletWebServerApplicationContext.java:289] Root WebApplicationContext: initialization completed in 2683 ms
2021-08-18 20:17:03,152 INFO [restartedMain] o.s.b.a.w.s.WelcomePageHandlerMapping [WelcomePageHandlerMapping.java:57] Adding welcome page template: index
2021-08-18 20:17:03,598 INFO [restartedMain] o.s.b.d.a.OptionalLiveReloadServer [OptionalLiveReloadServer.java:58] LiveReload server is running on port 35729
2021-08-18 20:17:03,651 INFO [restartedMain] o.a.c.h.Http11NioProtocol [DirectJDKLog.java:173] Starting ProtocolHandler ["http-nio-8080"]
2021-08-18 20:17:03,701 INFO [restartedMain] o.s.b.w.e.t.TomcatWebServer [TomcatWebServer.java:220] Tomcat started on port(s): 8080 (http) with context path '/community'
2021-08-18 20:17:03,738 INFO [restartedMain] c.n.c.CommunityApplication [StartupInfoLogger.java:61] Started CommunityApplication in 5.4 seconds (JVM running for 8.036)
2021-08-18 20:17:46,299 INFO [restartedMain] c.n.c.CommunityApplication [StartupInfoLogger.java:55] Starting CommunityApplication using Java 11.0.11 on DESKTOP-MDABFMA with PID 9180 (G:\idea java\StudyJavaWeb\demo\community\target\classes started by user in G:\idea java\StudyJavaWeb\demo\community)
2021-08-18 20:17:46,305 INFO [restartedMain] c.n.c.CommunityApplication [SpringApplication.java:664] No active profile set, falling back to default profiles: default
2021-08-18 20:17:46,366 INFO [restartedMain] o.s.b.d.e.DevToolsPropertyDefaultsPostProcessor [DeferredLog.java:255] Devtools property defaults active! Set 'spring.devtools.add-properties' to 'false' to disable
2021-08-18 20:17:46,368 INFO [restartedMain] o.s.b.d.e.DevToolsPropertyDefaultsPostProcessor [DeferredLog.java:255] For additional web related logging consider setting the 'logging.level.web' property to 'DEBUG'
2021-08-18 20:17:49,120 INFO [restartedMain] o.s.b.w.e.t.TomcatWebServer [TomcatWebServer.java:108] Tomcat initialized with port(s): 8080 (http)
2021-08-18 20:17:49,147 INFO [restartedMain] o.a.c.h.Http11NioProtocol [DirectJDKLog.java:173] Initializing ProtocolHandler ["http-nio-8080"]
2021-08-18 20:17:49,148 INFO [restartedMain] o.a.c.c.StandardService [DirectJDKLog.java:173] Starting service [Tomcat]
2021-08-18 20:17:49,149 INFO [restartedMain] o.a.c.c.StandardEngine [DirectJDKLog.java:173] Starting Servlet engine: [Apache Tomcat/9.0.50]
2021-08-18 20:17:49,417 INFO [restartedMain] o.a.c.c.C.[.[.[/community] [DirectJDKLog.java:173] Initializing Spring embedded WebApplicationContext
2021-08-18 20:17:49,419 INFO [restartedMain] o.s.b.w.s.c.ServletWebServerApplicationContext [ServletWebServerApplicationContext.java:289] Root WebApplicationContext: initialization completed in 3046 ms
2021-08-18 20:17:50,592 INFO [restartedMain] o.s.b.a.w.s.WelcomePageHandlerMapping [WelcomePageHandlerMapping.java:57] Adding welcome page template: index
2021-08-18 20:17:50,729 INFO [restartedMain] o.s.b.d.a.OptionalLiveReloadServer [OptionalLiveReloadServer.java:58] LiveReload server is running on port 35729
2021-08-18 20:17:50,747 INFO [restartedMain] o.a.c.h.Http11NioProtocol [DirectJDKLog.java:173] Starting ProtocolHandler ["http-nio-8080"]
2021-08-18 20:17:50,765 INFO [restartedMain] o.s.b.w.e.t.TomcatWebServer [TomcatWebServer.java:220] Tomcat started on port(s): 8080 (http) with context path '/community'
2021-08-18 20:17:50,776 INFO [restartedMain] c.n.c.CommunityApplication [StartupInfoLogger.java:61] Started CommunityApplication in 5.287 seconds (JVM running for 7.573)
2021-08-18 20:18:05,801 INFO [http-nio-8080-exec-3] o.a.c.c.C.[.[.[/community] [DirectJDKLog.java:173] Initializing Spring DispatcherServlet 'dispatcherServlet'
2021-08-18 20:18:05,802 INFO [http-nio-8080-exec-3] o.s.w.s.DispatcherServlet [FrameworkServlet.java:525] Initializing Servlet 'dispatcherServlet'
2021-08-18 20:18:05,803 INFO [http-nio-8080-exec-3] o.s.w.s.DispatcherServlet [FrameworkServlet.java:547] Completed initialization in 1 ms
2021-08-18 20:18:05,954 INFO [http-nio-8080-exec-3] c.z.h.HikariDataSource [HikariDataSource.java:110] HikariPool-1 - Starting...
2021-08-18 20:18:06,261 INFO [http-nio-8080-exec-3] c.z.h.HikariDataSource [HikariDataSource.java:123] HikariPool-1 - Start completed.
